   Input file: /Users/kezhang/Desktop/projects/geos/geos_github/work_space/dataset_q_00121/salton.in
  Output file: /Users/kezhang/Desktop/projects/geos/geos_github/work_space/dataset_q_00121/result.out
Database file: /Users/kezhang/Desktop/projects/geos/phreeqc-3.8.6-17100/database/phreeqc.dat

------------------
Reading data base.
------------------

	SOLUTION_MASTER_SPECIES
	SOLUTION_SPECIES
	PHASES
	GAS_BINARY_PARAMETERS
	EXCHANGE_MASTER_SPECIES
	EXCHANGE_SPECIES
	SURFACE_MASTER_SPECIES
	SURFACE_SPECIES
	MEAN_GAMMAS
	RATES
	END
------------------------------------
Reading input data for simulation 1.
------------------------------------

	TITLE Salton Sea brine charge balance
	SOLUTION 1
	    temp 25
	    pH 8.0
	    density 1.08
	    units mg/kg
	    Ca 505
	    Mg 581
	    Na 6249
	    K 112
	    Cl 9033
	    S 4139 as SO4
	    Alkalinity 232 as HCO3
	END
-----
TITLE
-----

 Salton Sea brine charge balance

ERROR: Calculations terminating due to input errors.
Stopping.
