   Input file: /Users/kezhang/Desktop/projects/geos/geos_github/work_space/question_4/inputs/q4.in.txt
  Output file: /Users/kezhang/Desktop/projects/geos/geos_github/work_space/question_4/inputs/result.out
Database file: /Users/kezhang/Desktop/projects/geos/phreeqc-3.8.6-17100/database/phreeqc.dat

------------------
Reading data base.
------------------

	SOLUTION_MASTER_SPECIES
	SOLUTION_SPECIES
	PHASES
	GAS_BINARY_PARAMETERS
	EXCHANGE_MASTER_SPECIES
	EXCHANGE_SPECIES
	SURFACE_MASTER_SPECIES
	SURFACE_SPECIES
	MEAN_GAMMAS
	RATES
	END
------------------------------------
Reading input data for simulation 1.
------------------------------------

	TITLE q4
	SOLUTION 1
	    temp 100
	    pH 7 charge
	    units mol/kgw
	    Cu 0.5
	    Fe(3) 0.25
	EQUILIBRIUM_PHASES 1
	    CO2(g) -1.0 3
	SELECTED_OUTPUT
	    file q4.sel.txt
	    reset false
	    si true
	END
-----
TITLE
-----

 q4

WARNING: Did not find phase, true.
-------------------------------------------
Beginning of initial solution calculations.
-------------------------------------------

Initial solution 1.	

-----------------------------Solution composition------------------------------

	Elements           Molality       Moles

	Cu                5.000e-01   5.000e-01
	Fe(3)             2.500e-01   2.500e-01

----------------------------Description of solution----------------------------

                                       pH  =   9.986      Charge balance
                                       pe  =   4.000    
      Specific Conductance (µS/cm, 100°C)  = 2675
                          Density (g/cm³)  =   1.03074
                               Volume (L)  =   1.04342
                        Viscosity (mPa s)  =   0.28211
                        Activity of water  =   0.989
                 Ionic strength (mol/kgw)  =   3.865e-01
                       Mass of water (kg)  =   1.000e+00
                 Total alkalinity (eq/kg)  =   1.250e+00
                         Temperature (°C)  = 100.00
                  Electrical balance (eq)  =   8.600e-11
 Percent error, 100*(Cat-|An|)/(Cat+|An|)  =   0.00
                               Iterations  =   9
                                  Total H  = 1.127624e+02
                                  Total O  = 5.725622e+01

----------------------------Distribution of species----------------------------

                                               Log       Log       Log    mole V
   Species          Molality    Activity  Molality  Activity     Gamma   cm³/mol

   OH-             9.048e-03   5.530e-03    -2.043    -2.257    -0.214     -4.29
   H+              1.388e-10   1.033e-10    -9.858    -9.986    -0.128      0.00
   H2O             5.551e+01   9.893e-01     1.744    -0.005     0.000     18.80
Cu(1)         2.224e-08
   Cu+             2.224e-08   1.270e-08    -7.653    -7.896    -0.244     (0)  
Cu(2)         5.000e-01
   Cu(OH)2         2.421e-01   2.646e-01    -0.616    -0.577     0.039     (0)  
   Cu2(OH)2+2      1.288e-01   2.939e-02    -0.890    -1.532    -0.642     (0)  
   Cu(OH)3-        2.208e-04   1.526e-04    -3.656    -3.816    -0.160     (0)  
   CuOH+           2.104e-05   1.323e-05    -4.677    -4.878    -0.202     (0)  
   Cu(OH)4-2       1.278e-06   2.915e-07    -5.894    -6.535    -0.642     (0)  
   Cu+2            6.253e-07   1.382e-07    -6.204    -6.859    -0.655    -27.42
Fe(3)         2.500e-01
   Fe(OH)4-        2.484e-01   1.666e-01    -0.605    -0.778    -0.174     (0)  
   Fe(OH)3         1.570e-03   1.716e-03    -2.804    -2.765     0.039     (0)  
   Fe(OH)2+        1.523e-07   1.021e-07    -6.817    -6.991    -0.174     (0)  
   FeOH+2          1.755e-14   3.320e-15   -13.756   -14.479    -0.723     (0)  
   Fe+3            2.238e-23   1.577e-24   -22.650   -23.802    -1.152     (0)  
   Fe2(OH)2+4      9.209e-27   2.493e-29   -26.036   -28.603    -2.567     (0)  
   Fe3(OH)4+5      2.169e-32   2.111e-36   -31.664   -35.675    -4.012     (0)  
H(0)          7.618e-32
   H2              3.809e-32   4.164e-32   -31.419   -31.381     0.039     28.57
O(0)          9.409e-11
   O2              4.704e-11   5.142e-11   -10.327   -10.289     0.039     33.90

------------------------------Saturation indices-------------------------------

  Phase               SI** log IAP   log K(373 K,   1 atm)

  Fe(OH)3(a)        1.25      6.14    4.89  Fe(OH)3
  Goethite          9.28      6.15   -3.13  FeOOH
  H2(g)           -28.28    -31.38   -3.10  H2
  H2O(g)           -0.01     -0.00    0.00  H2O
  Hematite         20.85     12.30   -8.55  Fe2O3
  O2(g)            -7.17    -10.29   -3.11  O2

**For a gas, SI = log10(fugacity). Fugacity = pressure * phi / 1 atm.
  For ideal gases, phi = 1.

-----------------------------------------
Beginning of batch-reaction calculations.
-----------------------------------------

Reaction step 1.

Using solution 1.	
Using pure phase assemblage 1.	

-------------------------------Phase assemblage--------------------------------

                                                      Moles in assemblage
Phase               SI  log IAP  log K(T, P)   Initial       Final       Delta

CO2(g)           -1.00    -2.98     -1.98    3.000e+00   2.750e+00  -2.505e-01

-----------------------------Solution composition------------------------------

	Elements           Molality       Moles

	C                 2.497e-01   2.505e-01
	Cu                4.985e-01   5.000e-01
	Fe                2.492e-01   2.500e-01

----------------------------Description of solution----------------------------

                                       pH  =   8.103      Charge balance
                                       pe  =   6.040      Adjusted to redox equilibrium
      Specific Conductance (µS/cm, 100°C)  = 10563
                          Density (g/cm³)  =   1.03605
                               Volume (L)  =   1.04871
                        Viscosity (mPa s)  =   0.30363
                        Activity of water  =   0.989
                 Ionic strength (mol/kgw)  =   6.683e-01
                       Mass of water (kg)  =   1.003e+00
                 Total alkalinity (eq/kg)  =   1.246e+00
                       Total CO2 (mol/kg)  =   2.497e-01
                         Temperature (°C)  = 100.00
                  Electrical balance (eq)  =   8.584e-11
 Percent error, 100*(Cat-|An|)/(Cat+|An|)  =   0.00
                               Iterations  =  16
                                  Total H  = 1.127624e+02
                                  Total O  = 5.775716e+01

----------------------------Distribution of species----------------------------

                                               Log       Log       Log    mole V
   Species          Molality    Activity  Molality  Activity     Gamma   cm³/mol

   OH-             1.282e-04   7.247e-05    -3.892    -4.140    -0.248     -3.58
   H+              1.087e-08   7.886e-09    -7.964    -8.103    -0.139      0.00
   H2O             5.551e+01   9.893e-01     1.744    -0.005     0.000     18.80
C(-4)         0.000e+00
   CH4             0.000e+00   0.000e+00  -100.685  -100.618     0.067     41.06
C(4)          2.497e-01
   HCO3-           7.725e-02   4.926e-02    -1.112    -1.307    -0.195     25.80
   Cu(CO3)2-2      7.037e-02   1.774e-02    -1.153    -1.751    -0.598     (0)  
   CuCO3           2.765e-02   3.225e-02    -1.558    -1.491     0.067     (0)  
   CO3-2           2.642e-03   4.369e-04    -2.578    -3.360    -0.782     -3.27
   CO2             9.475e-04   1.049e-03    -3.023    -2.979     0.044     38.89
   CuHCO3+         4.789e-04   3.394e-04    -3.320    -3.469    -0.150     (0)  
   (CO2)2          8.752e-08   1.021e-07    -7.058    -6.991     0.067     77.78
   FeCO3           1.145e-10   1.336e-10    -9.941    -9.874     0.067     (0)  
   FeHCO3+         8.862e-11   6.279e-11   -10.052   -10.202    -0.150     (0)  
Cu(1)         2.239e-08
   Cu+             2.239e-08   1.152e-08    -7.650    -7.939    -0.289     (0)  
Cu(2)         4.985e-01
   Cu2(OH)2+2      1.980e-01   4.992e-02    -0.703    -1.302    -0.598     (0)  
   Cu(CO3)2-2      7.037e-02   1.774e-02    -1.153    -1.751    -0.598     (0)  
   CuCO3           2.765e-02   3.225e-02    -1.558    -1.491     0.067     (0)  
   Cu(OH)2         3.875e-03   4.519e-03    -2.412    -2.345     0.067     (0)  
   CuHCO3+         4.789e-04   3.394e-04    -3.320    -3.469    -0.150     (0)  
   Cu+2            7.426e-05   1.375e-05    -4.129    -4.862    -0.733    -26.99
   CuOH+           2.939e-05   1.724e-05    -4.532    -4.763    -0.231     (0)  
   Cu(OH)3-        4.821e-08   3.416e-08    -7.317    -7.466    -0.150     (0)  
   Cu(OH)4-2       3.391e-12   8.550e-13   -11.470   -12.068    -0.598     (0)  
Fe(2)         3.509e-10
   FeCO3           1.145e-10   1.336e-10    -9.941    -9.874     0.067     (0)  
   FeHCO3+         8.862e-11   6.279e-11   -10.052   -10.202    -0.150     (0)  
   FeOH+           7.129e-11   4.452e-11   -10.147   -10.351    -0.204     (0)  
   Fe+2            6.886e-11   1.275e-11   -10.162   -10.895    -0.733    -17.98
   Fe(OH)2         7.478e-12   8.722e-12   -11.126   -11.059     0.067     (0)  
   Fe(OH)3-        1.173e-13   7.323e-14   -12.931   -13.135    -0.204     (0)  
Fe(3)         2.492e-01
   Fe(OH)4-        1.739e-01   1.109e-01    -0.760    -0.955    -0.195     (0)  
   Fe(OH)3         7.474e-02   8.718e-02    -1.126    -1.060     0.067     (0)  
   Fe(OH)2+        6.208e-04   3.959e-04    -3.207    -3.402    -0.195     (0)  
   FeOH+2          6.457e-09   9.818e-10    -8.190    -9.008    -0.818     (0)  
   Fe+3            6.403e-16   3.560e-17   -15.194   -16.449    -1.255     (0)  
   Fe2(OH)2+4      5.397e-16   2.181e-18   -15.268   -17.661    -2.394     (0)  
   Fe3(OH)4+5      3.933e-18   7.158e-22   -17.405   -21.145    -3.740     (0)  
H(0)          3.459e-32
   H2              1.730e-32   2.017e-32   -31.762   -31.695     0.067     28.57
O(0)          3.756e-10
   O2              1.878e-10   2.191e-10    -9.726    -9.659     0.067     33.90

------------------------------Saturation indices-------------------------------

  Phase               SI** log IAP   log K(373 K,   1 atm)

  CH4(g)          -97.61   -100.62   -3.00  CH4
  CO2(g)           -1.00     -2.98   -1.98  CO2	 Pressure   0.1 atm, phi 1.000
  Fe(OH)3(a)        2.96      7.85    4.89  Fe(OH)3
  Goethite         10.98      7.85   -3.13  FeOOH
  H2(g)           -28.59    -31.70   -3.10  H2
  H2O(g)           -0.01     -0.00    0.00  H2O
  Hematite         24.26     15.71   -8.55  Fe2O3
  O2(g)            -6.54     -9.66   -3.11  O2
  Siderite         -3.00    -14.25  -11.26  FeCO3

**For a gas, SI = log10(fugacity). Fugacity = pressure * phi / 1 atm.
  For ideal gases, phi = 1.

------------------
End of simulation.
------------------

------------------------------------
Reading input data for simulation 2.
------------------------------------

----------------------------------
End of Run after 0.008522 Seconds.
----------------------------------

