   Input file: /Users/kezhang/Desktop/projects/geos/geos_github/work_space/question_4/q4.inp
  Output file: /Users/kezhang/Desktop/projects/geos/geos_github/work_space/question_4/result.out
Database file: /Users/kezhang/Desktop/projects/geos/phreeqc-3.8.6-17100/database/phreeqc.dat

------------------
Reading data base.
------------------

	SOLUTION_MASTER_SPECIES
	SOLUTION_SPECIES
	PHASES
	GAS_BINARY_PARAMETERS
	EXCHANGE_MASTER_SPECIES
	EXCHANGE_SPECIES
	SURFACE_MASTER_SPECIES
	SURFACE_SPECIES
	MEAN_GAMMAS
	RATES
	END
------------------------------------
Reading input data for simulation 1.
------------------------------------

	TITLE q4
	SOLUTION 1
	    temp 100
	    pH 7 charge
	    units mol/kgw
	    Cu 0.5
	    Fe(3) 0.25
	EQUILIBRIUM_PHASES 1
	    CO2(g) 3
	SELECTED_OUTPUT
	    file q4.sel
	    reset false
	    si true
	END
-----
TITLE
-----

 q4

WARNING: Did not find phase, true.
-------------------------------------------
Beginning of initial solution calculations.
-------------------------------------------

Initial solution 1.	

-----------------------------Solution composition------------------------------

	Elements           Molality       Moles

	Cu                5.000e-01   5.000e-01
	Fe(3)             2.500e-01   2.500e-01

----------------------------Description of solution----------------------------

                                       pH  =   9.986      Charge balance
                                       pe  =   4.000    
      Specific Conductance (µS/cm, 100°C)  = 2675
                          Density (g/cm³)  =   1.03074
                               Volume (L)  =   1.04342
                        Viscosity (mPa s)  =   0.28211
                        Activity of water  =   0.989
                 Ionic strength (mol/kgw)  =   3.865e-01
                       Mass of water (kg)  =   1.000e+00
                 Total alkalinity (eq/kg)  =   1.250e+00
                         Temperature (°C)  = 100.00
                  Electrical balance (eq)  =   8.600e-11
 Percent error, 100*(Cat-|An|)/(Cat+|An|)  =   0.00
                               Iterations  =   9
                                  Total H  = 1.127624e+02
                                  Total O  = 5.725622e+01

----------------------------Distribution of species----------------------------

                                               Log       Log       Log    mole V
   Species          Molality    Activity  Molality  Activity     Gamma   cm³/mol

   OH-             9.048e-03   5.530e-03    -2.043    -2.257    -0.214     -4.29
   H+              1.388e-10   1.033e-10    -9.858    -9.986    -0.128      0.00
   H2O             5.551e+01   9.893e-01     1.744    -0.005     0.000     18.80
Cu(1)         2.224e-08
   Cu+             2.224e-08   1.270e-08    -7.653    -7.896    -0.244     (0)  
Cu(2)         5.000e-01
   Cu(OH)2         2.421e-01   2.646e-01    -0.616    -0.577     0.039     (0)  
   Cu2(OH)2+2      1.288e-01   2.939e-02    -0.890    -1.532    -0.642     (0)  
   Cu(OH)3-        2.208e-04   1.526e-04    -3.656    -3.816    -0.160     (0)  
   CuOH+           2.104e-05   1.323e-05    -4.677    -4.878    -0.202     (0)  
   Cu(OH)4-2       1.278e-06   2.915e-07    -5.894    -6.535    -0.642     (0)  
   Cu+2            6.253e-07   1.382e-07    -6.204    -6.859    -0.655    -27.42
Fe(3)         2.500e-01
   Fe(OH)4-        2.484e-01   1.666e-01    -0.605    -0.778    -0.174     (0)  
   Fe(OH)3         1.570e-03   1.716e-03    -2.804    -2.765     0.039     (0)  
   Fe(OH)2+        1.523e-07   1.021e-07    -6.817    -6.991    -0.174     (0)  
   FeOH+2          1.755e-14   3.320e-15   -13.756   -14.479    -0.723     (0)  
   Fe+3            2.238e-23   1.577e-24   -22.650   -23.802    -1.152     (0)  
   Fe2(OH)2+4      9.209e-27   2.493e-29   -26.036   -28.603    -2.567     (0)  
   Fe3(OH)4+5      2.169e-32   2.111e-36   -31.664   -35.675    -4.012     (0)  
H(0)          7.618e-32
   H2              3.809e-32   4.164e-32   -31.419   -31.381     0.039     28.57
O(0)          9.409e-11
   O2              4.704e-11   5.142e-11   -10.327   -10.289     0.039     33.90

------------------------------Saturation indices-------------------------------

  Phase               SI** log IAP   log K(373 K,   1 atm)

  Fe(OH)3(a)        1.25      6.14    4.89  Fe(OH)3
  Goethite          9.28      6.15   -3.13  FeOOH
  H2(g)           -28.28    -31.38   -3.10  H2
  H2O(g)           -0.01     -0.00    0.00  H2O
  Hematite         20.85     12.30   -8.55  Fe2O3
  O2(g)            -7.17    -10.29   -3.11  O2

**For a gas, SI = log10(fugacity). Fugacity = pressure * phi / 1 atm.
  For ideal gases, phi = 1.

-----------------------------------------
Beginning of batch-reaction calculations.
-----------------------------------------

Reaction step 1.

Using solution 1.	
Using pure phase assemblage 1.	

-------------------------------Phase assemblage--------------------------------

                                                      Moles in assemblage
Phase               SI  log IAP  log K(T, P)   Initial       Final       Delta

CO2(g)            2.69     0.71     -1.98    1.000e+01   1.349e-01  -9.865e+00

-----------------------------Solution composition------------------------------

	Elements           Molality       Moles

	C                 9.856e+00   9.865e+00
	Cu                4.995e-01   5.000e-01
	Fe                2.498e-01   2.500e-01

----------------------------Description of solution----------------------------

                                       pH  =   5.406      Charge balance
                                       pe  =   9.836      Adjusted to redox equilibrium
      Specific Conductance (µS/cm, 100°C)  = 47447
                          Density (g/cm³)  =   1.07788
                               Volume (L)  =   1.40060
                        Viscosity (mPa s)  =   1.16215
                        Activity of water  =   0.863
                 Ionic strength (mol/kgw)  =   6.821e-01
                       Mass of water (kg)  =   1.001e+00
                 Total alkalinity (eq/kg)  =   1.249e+00
                       Total CO2 (mol/kg)  =   9.856e+00
                         Temperature (°C)  = 100.00
                  Electrical balance (eq)  =   8.609e-11
 Percent error, 100*(Cat-|An|)/(Cat+|An|)  =   0.00
                               Iterations  =  21
                                  Total H  = 1.127624e+02
                                  Total O  = 7.698646e+01

----------------------------Distribution of species----------------------------

                                               Log       Log       Log    mole V
   Species          Molality    Activity  Molality  Activity     Gamma   cm³/mol

   H+              5.417e-06   3.926e-06    -5.266    -5.406    -0.140      0.00
   OH-             2.254e-07   1.270e-07    -6.647    -6.896    -0.249     -3.55
   H2O             5.551e+01   8.630e-01     1.744    -0.064     0.000     18.80
C(-4)         0.000e+00
   CH4             0.000e+00   0.000e+00  -105.670  -105.602     0.068     41.06
C(4)          9.856e+00
   CO2             4.595e+00   5.097e+00     0.662     0.707     0.045     38.89
   (CO2)2          2.061e+00   2.411e+00     0.314     0.382     0.068     77.78
   HCO3-           6.591e-01   4.195e-01    -0.181    -0.377    -0.196     25.83
   CuHCO3+         4.268e-01   3.031e-01    -0.370    -0.518    -0.149     (0)  
   CuCO3           4.946e-02   5.787e-02    -1.306    -1.238     0.068     (0)  
   Cu(CO3)2-2      2.141e-03   5.446e-04    -2.669    -3.264    -0.595     (0)  
   CO3-2           4.553e-05   7.475e-06    -4.342    -5.126    -0.785     -3.21
   FeHCO3+         1.294e-05   9.191e-06    -4.888    -5.037    -0.149     (0)  
   FeCO3           3.357e-08   3.928e-08    -7.474    -7.406     0.068     (0)  
Cu(1)         3.772e-10
   Cu+             3.772e-10   1.933e-10    -9.423    -9.714    -0.290     (0)  
Cu(2)         4.995e-01
   CuHCO3+         4.268e-01   3.031e-01    -0.370    -0.518    -0.149     (0)  
   CuCO3           4.946e-02   5.787e-02    -1.306    -1.238     0.068     (0)  
   Cu+2            7.837e-03   1.442e-03    -2.106    -2.841    -0.735    -26.97
   Cu2(OH)2+2      6.628e-03   1.686e-03    -2.179    -2.773    -0.595     (0)  
   Cu(CO3)2-2      2.141e-03   5.446e-04    -2.669    -3.264    -0.595     (0)  
   CuOH+           5.414e-06   3.169e-06    -5.266    -5.499    -0.233     (0)  
   Cu(OH)2         1.244e-06   1.456e-06    -5.905    -5.837     0.068     (0)  
   Cu(OH)3-        2.715e-14   1.928e-14   -13.566   -13.715    -0.149     (0)  
   Cu(OH)4-2       3.325e-21   8.457e-22   -20.478   -21.073    -0.595     (0)  
Fe(2)         1.417e-05
   FeHCO3+         1.294e-05   9.191e-06    -4.888    -5.037    -0.149     (0)  
   Fe+2            1.191e-06   2.191e-07    -5.924    -6.659    -0.735    -17.97
   FeCO3           3.357e-08   3.928e-08    -7.474    -7.406     0.068     (0)  
   FeOH+           2.152e-09   1.341e-09    -8.667    -8.873    -0.205     (0)  
   Fe(OH)2         3.935e-13   4.604e-13   -12.405   -12.337     0.068     (0)  
   Fe(OH)3-        1.087e-17   6.773e-18   -16.964   -17.169    -0.205     (0)  
Fe(3)         2.497e-01
   Fe(OH)2+        2.051e-01   1.306e-01    -0.688    -0.884    -0.196     (0)  
   Fe(OH)3         4.306e-02   5.039e-02    -1.366    -1.298     0.068     (0)  
   FeOH+2          1.225e-03   1.848e-04    -2.912    -3.733    -0.821     (0)  
   Fe(OH)4-        1.764e-04   1.123e-04    -3.753    -3.950    -0.196     (0)  
   Fe3(OH)4+5      4.348e-05   8.362e-09    -4.362    -8.078    -3.716     (0)  
   Fe2(OH)2+4      1.845e-05   7.724e-08    -4.734    -7.112    -2.378     (0)  
   Fe+3            6.934e-08   3.823e-09    -7.159    -8.418    -1.259     (0)  
H(0)          2.189e-34
   H2              1.094e-34   1.280e-34   -33.961   -33.893     0.068     28.57
O(0)          7.074e-06
   O2              3.537e-06   4.138e-06    -5.451    -5.383     0.068     33.90

------------------------------Saturation indices-------------------------------

  Phase               SI** log IAP   log K(373 K,   1 atm)

  CH4(g)         -102.60   -105.60   -3.00  CH4
  CO2(g)            2.69      0.71   -1.98  CO2	 Pressure 1000.0 atm, phi 0.486
  Fe(OH)3(a)        2.72      7.61    4.89  Fe(OH)3
  Goethite         10.81      7.67   -3.13  FeOOH
  H2(g)           -30.79    -33.89   -3.10  H2
  H2O(g)           -0.07     -0.06    0.00  H2O
  Hematite         23.96     15.41   -8.55  Fe2O3
  O2(g)            -2.27     -5.38   -3.11  O2
  Siderite         -0.53    -11.79  -11.26  FeCO3

**For a gas, SI = log10(fugacity). Fugacity = pressure * phi / 1 atm.
  For ideal gases, phi = 1.

------------------
End of simulation.
------------------

------------------------------------
Reading input data for simulation 2.
------------------------------------

----------------------------------
End of Run after 0.010685 Seconds.
----------------------------------

