   Input file: /Users/kezhang/Desktop/projects/geos/geos_github/work_space/question_5/inputs/q5.phr
  Output file: /Users/kezhang/Desktop/projects/geos/geos_github/work_space/question_5/inputs/result.out
Database file: /Users/kezhang/Desktop/projects/geos/phreeqc-3.8.6-17100/database/phreeqc.dat

------------------
Reading data base.
------------------

	SOLUTION_MASTER_SPECIES
	SOLUTION_SPECIES
	PHASES
	GAS_BINARY_PARAMETERS
	EXCHANGE_MASTER_SPECIES
	EXCHANGE_SPECIES
	SURFACE_MASTER_SPECIES
	SURFACE_SPECIES
	MEAN_GAMMAS
	RATES
	END
------------------------------------
Reading input data for simulation 1.
------------------------------------

	TITLE q5 Cu species count
	SOLUTION 1
	    temp 100
	    pH 7 charge
	    units mol/kgw
	    Cu 0.5
	    Fe 0.25
	GAS_PHASE 1
	    fixed_pressure
	    pressure 3
	    CO2(g) 1
	SELECTED_OUTPUT
	    file q5.sel
	    reset false
	    high_precision true
	    activities false
WARNING: Expected species name to begin with upper case letter.
	END
-----
TITLE
-----

 q5 Cu species count

-------------------------------------------
Beginning of initial solution calculations.
-------------------------------------------

Initial solution 1.	

-----------------------------Solution composition------------------------------

	Elements           Molality       Moles

	Cu                5.000e-01   5.000e-01
	Fe                2.500e-01   2.500e-01

----------------------------Description of solution----------------------------

                                       pH  =   9.986      Charge balance
                                       pe  =   4.000    
      Specific Conductance (µS/cm, 100°C)  = 2675
                          Density (g/cm³)  =   1.03074
                               Volume (L)  =   1.04342
                        Viscosity (mPa s)  =   0.28211
                        Activity of water  =   0.989
                 Ionic strength (mol/kgw)  =   3.865e-01
                       Mass of water (kg)  =   1.000e+00
                 Total alkalinity (eq/kg)  =   1.250e+00
                         Temperature (°C)  = 100.00
                  Electrical balance (eq)  =   1.006e-16
 Percent error, 100*(Cat-|An|)/(Cat+|An|)  =   0.00
                               Iterations  =   9
                                  Total H  = 1.127624e+02
                                  Total O  = 5.725622e+01

----------------------------Distribution of species----------------------------

                                               Log       Log       Log    mole V
   Species          Molality    Activity  Molality  Activity     Gamma   cm³/mol

   OH-             9.048e-03   5.530e-03    -2.043    -2.257    -0.214     -4.29
   H+              1.388e-10   1.033e-10    -9.858    -9.986    -0.128      0.00
   H2O             5.551e+01   9.893e-01     1.744    -0.005     0.000     18.80
Cu(1)         2.224e-08
   Cu+             2.224e-08   1.270e-08    -7.653    -7.896    -0.244     (0)  
Cu(2)         5.000e-01
   Cu(OH)2         2.421e-01   2.646e-01    -0.616    -0.577     0.039     (0)  
   Cu2(OH)2+2      1.288e-01   2.939e-02    -0.890    -1.532    -0.642     (0)  
   Cu(OH)3-        2.208e-04   1.526e-04    -3.656    -3.816    -0.160     (0)  
   CuOH+           2.104e-05   1.323e-05    -4.677    -4.878    -0.202     (0)  
   Cu(OH)4-2       1.278e-06   2.915e-07    -5.894    -6.535    -0.642     (0)  
   Cu+2            6.253e-07   1.382e-07    -6.204    -6.859    -0.655    -27.42
Fe(2)         4.906e-13
   Fe(OH)3-        2.396e-13   1.580e-13   -12.620   -12.801    -0.181     (0)  
   Fe(OH)2         2.257e-13   2.467e-13   -12.646   -12.608     0.039     (0)  
   FeOH+           2.502e-14   1.650e-14   -13.602   -13.782    -0.181     (0)  
   Fe+2            2.801e-16   6.192e-17   -15.553   -16.208    -0.655    -18.31
Fe(3)         2.500e-01
   Fe(OH)4-        2.484e-01   1.666e-01    -0.605    -0.778    -0.174     (0)  
   Fe(OH)3         1.570e-03   1.716e-03    -2.804    -2.765     0.039     (0)  
   Fe(OH)2+        1.523e-07   1.021e-07    -6.817    -6.991    -0.174     (0)  
   FeOH+2          1.755e-14   3.320e-15   -13.756   -14.479    -0.723     (0)  
   Fe+3            2.238e-23   1.577e-24   -22.650   -23.802    -1.152     (0)  
   Fe2(OH)2+4      9.209e-27   2.493e-29   -26.036   -28.603    -2.567     (0)  
   Fe3(OH)4+5      2.169e-32   2.111e-36   -31.664   -35.675    -4.012     (0)  
H(0)          7.618e-32
   H2              3.809e-32   4.164e-32   -31.419   -31.381     0.039     28.57
O(0)          9.409e-11
   O2              4.704e-11   5.142e-11   -10.327   -10.289     0.039     33.90

------------------------------Saturation indices-------------------------------

  Phase               SI** log IAP   log K(373 K,   1 atm)

  Fe(OH)3(a)        1.25      6.14    4.89  Fe(OH)3
  Goethite          9.28      6.15   -3.13  FeOOH
  H2(g)           -28.28    -31.38   -3.10  H2
  H2O(g)           -0.01     -0.00    0.00  H2O
  Hematite         20.85     12.30   -8.55  Fe2O3
  O2(g)            -7.17    -10.29   -3.11  O2

**For a gas, SI = log10(fugacity). Fugacity = pressure * phi / 1 atm.
  For ideal gases, phi = 1.

-----------------------------------------
Beginning of batch-reaction calculations.
-----------------------------------------

Reaction step 1.

Using solution 1.	
Using gas phase 1.	

----------------Fixed-pressure gas phase 1 dissolved completely----------------

-----------------------------Solution composition------------------------------

	Elements           Molality       Moles

	C                 4.107e-02   4.110e-02
	Cu                4.997e-01   5.000e-01
	Fe                2.498e-01   2.500e-01

----------------------------Description of solution----------------------------

                                       pH  =   9.835      Charge balance
                                       pe  =   4.201      Adjusted to redox equilibrium
      Specific Conductance (µS/cm, 100°C)  = 3966
                          Density (g/cm³)  =   1.03180
                               Volume (L)  =   1.04410
                        Viscosity (mPa s)  =   0.28888
                        Activity of water  =   0.989
                 Ionic strength (mol/kgw)  =   4.741e-01
                       Mass of water (kg)  =   1.001e+00
                 Total alkalinity (eq/kg)  =   1.249e+00
                       Total CO2 (mol/kg)  =   4.107e-02
                         Temperature (°C)  = 100.00
                           Pressure (atm)  =  3.00
                  Electrical balance (eq)  =  -6.085e-15
 Percent error, 100*(Cat-|An|)/(Cat+|An|)  =  -0.00
                               Iterations  =  11
                                  Total H  = 1.127624e+02
                                  Total O  = 5.733842e+01

----------------------------Distribution of species----------------------------

                                               Log       Log       Log    mole V
   Species          Molality    Activity  Molality  Activity     Gamma   cm³/mol

   OH-             6.593e-03   3.915e-03    -2.181    -2.407    -0.226     -4.07
   H+              1.984e-10   1.462e-10    -9.703    -9.835    -0.132      0.00
   H2O             5.551e+01   9.895e-01     1.744    -0.005     0.000     18.80
C(-4)         0.000e+00
   CH4             0.000e+00   0.000e+00  -102.750  -102.703     0.047     41.06
C(4)          4.107e-02
   Cu(CO3)2-2      1.352e-02   3.116e-03    -1.869    -2.506    -0.637     (0)  
   CO3-2           7.860e-03   1.473e-03    -2.105    -2.832    -0.727     -4.07
   HCO3-           4.672e-03   3.074e-03    -2.331    -2.512    -0.182     25.39
   CuCO3           1.507e-03   1.681e-03    -2.822    -2.775     0.047     (0)  
   CO2             1.127e-06   1.211e-06    -5.948    -5.917     0.031     38.89
   CuHCO3+         4.732e-07   3.279e-07    -6.325    -6.484    -0.159     (0)  
   (CO2)2          1.220e-13   1.361e-13   -12.914   -12.866     0.047     77.77
   FeCO3           4.810e-15   5.365e-15   -14.318   -14.270     0.047     (0)  
   FeHCO3+         6.749e-17   4.676e-17   -16.171   -16.330    -0.159     (0)  
Cu(1)         2.234e-08
   Cu+             2.234e-08   1.227e-08    -7.651    -7.911    -0.260     (0)  
Cu(2)         4.997e-01
   Cu(OH)2         1.827e-01   2.038e-01    -0.738    -0.691     0.047     (0)  
   Cu2(OH)2+2      1.509e-01   3.479e-02    -0.821    -1.459    -0.637     (0)  
   Cu(CO3)2-2      1.352e-02   3.116e-03    -1.869    -2.506    -0.637     (0)  
   CuCO3           1.507e-03   1.681e-03    -2.822    -2.775     0.047     (0)  
   Cu(OH)3-        1.200e-04   8.318e-05    -3.921    -4.080    -0.159     (0)  
   CuOH+           2.349e-05   1.440e-05    -4.629    -4.842    -0.213     (0)  
   Cu+2            1.030e-06   2.129e-07    -5.987    -6.672    -0.685    -27.25
   Cu(OH)4-2       4.877e-07   1.124e-07    -6.312    -6.949    -0.637     (0)  
   CuHCO3+         4.732e-07   3.279e-07    -6.325    -6.484    -0.159     (0)  
Fe(2)         5.343e-13
   Fe(OH)2         2.717e-13   3.031e-13   -12.566   -12.518     0.047     (0)  
   Fe(OH)3-        2.127e-13   1.374e-13   -12.672   -12.862    -0.190     (0)  
   FeOH+           4.433e-14   2.864e-14   -13.353   -13.543    -0.190     (0)  
   FeCO3           4.810e-15   5.365e-15   -14.318   -14.270     0.047     (0)  
   Fe+2            7.355e-16   1.520e-16   -15.133   -15.818    -0.685    -18.17
   FeHCO3+         6.749e-17   4.676e-17   -16.171   -16.330    -0.159     (0)  
Fe(3)         2.498e-01
   Fe(OH)4-        2.477e-01   1.630e-01    -0.606    -0.788    -0.182     (0)  
   Fe(OH)3         2.127e-03   2.373e-03    -2.672    -2.625     0.047     (0)  
   Fe(OH)2+        3.032e-07   1.995e-07    -6.518    -6.700    -0.182     (0)  
   FeOH+2          5.256e-14   9.163e-15   -13.279   -14.038    -0.759     (0)  
   Fe+3            9.558e-23   6.151e-24   -22.020   -23.211    -1.191     (0)  
   Fe2(OH)2+4      6.726e-26   1.899e-28   -25.172   -27.721    -2.549     (0)  
   Fe3(OH)4+5      3.022e-31   3.142e-35   -30.520   -34.503    -3.983     (0)  
H(0)          5.902e-32
   H2              2.951e-32   3.291e-32   -31.530   -31.483     0.047     28.57
O(0)          1.471e-10
   O2              7.356e-11   8.205e-11   -10.133   -10.086     0.047     33.89

------------------------------Saturation indices-------------------------------

  Phase               SI** log IAP   log K(373 K,   3 atm)

  CH4(g)          -99.70   -102.70   -3.01  CH4
  CO2(g)           -3.94     -5.92   -1.98  CO2
  Fe(OH)3(a)        1.39      6.28    4.89  Fe(OH)3
  Goethite          9.42      6.28   -3.13  FeOOH
  H2(g)           -28.38    -31.48   -3.10  H2
  H2O(g)           -0.01     -0.00    0.00  H2O
  Hematite         21.13     12.57   -8.55  Fe2O3
  O2(g)            -6.97    -10.09   -3.12  O2
  Siderite         -7.40    -18.65  -11.25  FeCO3

**For a gas, SI = log10(fugacity). Fugacity = pressure * phi / 1 atm.
  For ideal gases, phi = 1.

------------------
End of simulation.
------------------

------------------------------------
Reading input data for simulation 2.
------------------------------------

----------------------------------
End of Run after 0.012355 Seconds.
----------------------------------

