   Input file: /Users/kezhang/Desktop/projects/geos/geos_github/work_space/dataset_q_00278/cu_co2_100C.in
  Output file: /Users/kezhang/Desktop/projects/geos/geos_github/work_space/dataset_q_00278/result.out
Database file: /Users/kezhang/Desktop/projects/geos/phreeqc-3.8.6-17100/database/phreeqc.dat

------------------
Reading data base.
------------------

	SOLUTION_MASTER_SPECIES
	SOLUTION_SPECIES
	PHASES
	GAS_BINARY_PARAMETERS
	EXCHANGE_MASTER_SPECIES
	EXCHANGE_SPECIES
	SURFACE_MASTER_SPECIES
	SURFACE_SPECIES
	MEAN_GAMMAS
	RATES
	END
------------------------------------
Reading input data for simulation 1.
------------------------------------

	SOLUTION 1
	    temp 100
	    pH 4 charge
	    units mmol/kgw
	    C(4) 100
	    Cu 10
	EQUILIBRIUM_PHASES 1
	    CO2(g) 1 10
	GAS_PHASE 1
	    fixed_pressure
	    pressure 1
	    CO2(g) 1
	END
-------------------------------------------
Beginning of initial solution calculations.
-------------------------------------------

Initial solution 1.	

-----------------------------Solution composition------------------------------

	Elements           Molality       Moles

	C(4)              1.000e-01   1.000e-01
	Cu                1.000e-02   1.000e-02

----------------------------Description of solution----------------------------

                                       pH  =   5.472      Charge balance
                                       pe  =   4.000    
      Specific Conductance (µS/cm, 100°C)  = 1782
                          Density (g/cm³)  =   0.96027
                               Volume (L)  =   1.04695
                        Viscosity (mPa s)  =   0.29938
                        Activity of water  =   0.998
                 Ionic strength (mol/kgw)  =   1.360e-02
                       Mass of water (kg)  =   1.000e+00
                 Total alkalinity (eq/kg)  =   1.991e-02
                       Total CO2 (mol/kg)  =   1.000e-01
                         Temperature (°C)  = 100.00
                  Electrical balance (eq)  =   5.481e-15
 Percent error, 100*(Cat-|An|)/(Cat+|An|)  =   0.00
                               Iterations  =  10
                                  Total H  = 1.110307e+02
                                  Total O  = 5.572530e+01

----------------------------Distribution of species----------------------------

                                               Log       Log       Log    mole V
   Species          Molality    Activity  Molality  Activity     Gamma   cm³/mol

   H+              3.795e-06   3.371e-06    -5.421    -5.472    -0.051      0.00
   OH-             1.971e-07   1.711e-07    -6.705    -6.767    -0.061     -5.71
   H2O             5.551e+01   9.983e-01     1.744    -0.001     0.000     18.80
C(4)          1.000e-01
   CO2             8.303e-02   8.320e-02    -1.081    -1.080     0.001     38.89
   HCO3-           1.053e-02   9.227e-03    -1.977    -2.035    -0.058     23.88
   CuHCO3+         4.319e-03   3.760e-03    -2.365    -2.425    -0.060     (0)  
   CuCO3           8.333e-04   8.359e-04    -3.079    -3.078     0.001     (0)  
   (CO2)2          6.405e-04   6.425e-04    -3.193    -3.192     0.001     77.78
   Cu(CO3)2-2      3.509e-07   2.015e-07    -6.455    -6.696    -0.241     (0)  
   CO3-2           3.254e-07   1.915e-07    -6.488    -6.718    -0.230     -8.15
Cu(1)         8.646e-05
   Cu+             8.646e-05   7.467e-05    -4.063    -4.127    -0.064     (0)  
Cu(2)         9.914e-03
   CuHCO3+         4.319e-03   3.760e-03    -2.365    -2.425    -0.060     (0)  
   Cu2(OH)2+2      1.695e-03   9.732e-04    -2.771    -3.012    -0.241     (0)  
   Cu+2            1.367e-03   8.130e-04    -2.864    -3.090    -0.226    -29.08
   CuCO3           8.333e-04   8.359e-04    -3.079    -3.078     0.001     (0)  
   CuOH+           2.767e-06   2.408e-06    -5.558    -5.618    -0.060     (0)  
   Cu(OH)2         1.485e-06   1.490e-06    -5.828    -5.827     0.001     (0)  
   Cu(CO3)2-2      3.509e-07   2.015e-07    -6.455    -6.696    -0.241     (0)  
   Cu(OH)3-        3.054e-14   2.659e-14   -13.515   -13.575    -0.060     (0)  
   Cu(OH)4-2       2.736e-21   1.571e-21   -20.563   -20.804    -0.241     (0)  
H(0)          8.830e-23
   H2              4.415e-23   4.429e-23   -22.355   -22.354     0.001     28.57
O(0)          9.226e-29
   O2              4.613e-29   4.628e-29   -28.336   -28.335     0.001     33.90

------------------------------Saturation indices-------------------------------

  Phase               SI** log IAP   log K(373 K,   1 atm)

  CO2(g)            0.90     -1.08   -1.98  CO2	 Pressure   1.0 atm, phi 0.994
  H2(g)           -19.25    -22.35   -3.10  H2
  H2O(g)           -0.01     -0.00    0.00  H2O
  O2(g)           -25.22    -28.33   -3.11  O2

**For a gas, SI = log10(fugacity). Fugacity = pressure * phi / 1 atm.
  For ideal gases, phi = 1.

-----------------------------------------
Beginning of batch-reaction calculations.
-----------------------------------------

Reaction step 1.

Using solution 1.	
Using pure phase assemblage 1.	
Using gas phase 1.	

-----------------------------------Gas phase-----------------------------------

Total pressure:  1.00      atmospheres          (Peng-Robinson calculation)
    Gas volume:   3.09e+02 liters
  Molar volume:   3.05e+01 liters/mole
   P * Vm / RT:  0.99731  (Compressibility Factor Z) 

                                                        Moles in gas
                                            ----------------------------------
Component         log P           P    phi     Initial       Final       Delta

CO2(g)            -0.00   1.000e+00  0.997   4.110e-02   1.012e+01   1.008e+01

-------------------------------Phase assemblage--------------------------------

                                                      Moles in assemblage
Phase               SI  log IAP  log K(T, P)   Initial       Final       Delta

CO2(g)           -0.00    -1.98     -1.98    1.000e+01           0  -1.000e+01

-----------------------------Solution composition------------------------------

	Elements           Molality       Moles

	C                 2.155e-02   2.156e-02
	Cu                1.000e-02   1.000e-02

----------------------------Description of solution----------------------------

                                       pH  =   6.313      Charge balance
                                       pe  =   3.337      Adjusted to redox equilibrium
      Specific Conductance (µS/cm, 100°C)  = 1320
                          Density (g/cm³)  =   0.95960
                               Volume (L)  =   1.04409
                        Viscosity (mPa s)  =   0.29172
                        Activity of water  =   1.000
                 Ionic strength (mol/kgw)  =   1.333e-02
                       Mass of water (kg)  =   1.000e+00
                 Total alkalinity (eq/kg)  =   1.991e-02
                       Total CO2 (mol/kg)  =   2.155e-02
                         Temperature (°C)  = 100.00
                  Electrical balance (eq)  =   5.446e-15
 Percent error, 100*(Cat-|An|)/(Cat+|An|)  =   0.00
                               Iterations  =  20
                                  Total H  = 1.110307e+02
                                  Total O  = 5.556841e+01

----------------------------Distribution of species----------------------------

                                               Log       Log       Log    mole V
   Species          Molality    Activity  Molality  Activity     Gamma   cm³/mol

   OH-             1.364e-06   1.186e-06    -5.865    -5.926    -0.061     -5.71
   H+              5.476e-07   4.868e-07    -6.262    -6.313    -0.051      0.00
   H2O             5.551e+01   9.996e-01     1.744    -0.000     0.000     18.80
C(-4)         0.000e+00
   CH4             0.000e+00   0.000e+00   -63.683   -63.682     0.001     41.06
C(4)          2.155e-02
   CO2             1.044e-02   1.046e-02    -1.981    -1.980     0.001     38.89
   HCO3-           9.173e-03   8.043e-03    -2.037    -2.095    -0.057     23.88
   CuCO3           1.095e-03   1.098e-03    -2.961    -2.959     0.001     (0)  
   CuHCO3+         8.185e-04   7.134e-04    -3.087    -3.147    -0.060     (0)  
   (CO2)2          1.013e-05   1.016e-05    -4.994    -4.993     0.001     77.78
   Cu(CO3)2-2      2.769e-06   1.598e-06    -5.558    -5.797    -0.239     (0)  
   CO3-2           1.955e-06   1.156e-06    -5.709    -5.937    -0.228     -8.16
Cu(1)         8.646e-05
   Cu+             8.646e-05   7.477e-05    -4.063    -4.126    -0.063     (0)  
Cu(2)         9.913e-03
   Cu2(OH)2+2      3.841e-03   2.216e-03    -2.416    -2.654    -0.239     (0)  
   CuCO3           1.095e-03   1.098e-03    -2.961    -2.959     0.001     (0)  
   CuHCO3+         8.185e-04   7.134e-04    -3.087    -3.147    -0.060     (0)  
   Cu+2            2.964e-04   1.770e-04    -3.528    -3.752    -0.224    -29.09
   Cu(OH)2         1.554e-05   1.559e-05    -4.809    -4.807     0.001     (0)  
   CuOH+           4.170e-06   3.633e-06    -5.380    -5.440    -0.060     (0)  
   Cu(CO3)2-2      2.769e-06   1.598e-06    -5.558    -5.797    -0.239     (0)  
   Cu(OH)3-        2.212e-12   1.928e-12   -11.655   -11.715    -0.060     (0)  
   Cu(OH)4-2       1.369e-18   7.899e-19   -17.864   -18.102    -0.239     (0)  
H(0)          3.899e-23
   H2              1.949e-23   1.955e-23   -22.710   -22.709     0.001     28.57
O(0)          4.746e-28
   O2              2.373e-28   2.380e-28   -27.625   -27.623     0.001     33.90

------------------------------Saturation indices-------------------------------

  Phase               SI** log IAP   log K(373 K,   1 atm)

  CH4(g)          -60.68    -63.68   -3.00  CH4
  CO2(g)           -0.00     -1.98   -1.98  CO2	 Pressure   1.0 atm, phi 0.997
  H2(g)           -19.61    -22.71   -3.10  H2
  H2O(g)           -0.01     -0.00    0.00  H2O
  O2(g)           -24.51    -27.62   -3.11  O2

**For a gas, SI = log10(fugacity). Fugacity = pressure * phi / 1 atm.
  For ideal gases, phi = 1.

------------------
End of simulation.
------------------

------------------------------------
Reading input data for simulation 2.
------------------------------------

----------------------------------
End of Run after 0.004167 Seconds.
----------------------------------

