   Input file: /Users/kezhang/Desktop/projects/geos/geos_github/work_space/dataset_q_00006/chalcedony.in
  Output file: /Users/kezhang/Desktop/projects/geos/geos_github/work_space/dataset_q_00006/result.out
Database file: /Users/kezhang/Desktop/projects/geos/phreeqc-3.8.6-17100/database/phreeqc.dat

------------------
Reading data base.
------------------

	SOLUTION_MASTER_SPECIES
	SOLUTION_SPECIES
	PHASES
	GAS_BINARY_PARAMETERS
	EXCHANGE_MASTER_SPECIES
	EXCHANGE_SPECIES
	SURFACE_MASTER_SPECIES
	SURFACE_SPECIES
	MEAN_GAMMAS
	RATES
	END
------------------------------------
Reading input data for simulation 1.
------------------------------------

	SOLUTION 1 Ephemeral
	    units mmol/l
	    pH 6.2
	    Si 0.273
	    Ca 0.078
	    Mg 0.029
	    Na 0.134
	    K 0.028
	    Alkalinity 0.328 as HCO3
	    S(6) 0.010
	    Cl 0.014
	SOLUTION 2 Perennial
	    units mmol/l
	    pH 6.8
	    Si 0.410
	    Ca 0.260
	    Mg 0.071
	    Na 0.259
	    K 0.040
	    Alkalinity 0.895 as HCO3
	    S(6) 0.025
	    Cl 0.030
	MIX 1
	    1 0.5
	    2 0.5
	EQUILIBRIUM_PHASES 1
	    Chalcedony 0 0
	SELECTED_OUTPUT
	    file selected.txt
	    reset false
	USER_PUNCH
	    headings chal_moles
	    10 PUNCH EQUI("Chalcedony")
	END
-------------------------------------------
Beginning of initial solution calculations.
-------------------------------------------

Initial solution 1.	Ephemeral

-----------------------------Solution composition------------------------------

	Elements           Molality       Moles

	Alkalinity        3.280e-04   3.280e-04
	Ca                7.800e-05   7.800e-05
	Cl                1.400e-05   1.400e-05
	K                 2.800e-05   2.800e-05
	Mg                2.900e-05   2.900e-05
	Na                1.340e-04   1.340e-04
	S(6)              1.000e-05   1.000e-05
	Si                2.730e-04   2.730e-04

----------------------------Description of solution----------------------------

                                       pH  =   6.200    
                                       pe  =   4.000    
      Specific Conductance (µS/cm,  25°C)  = 38
                          Density (g/cm³)  =   0.99708
                               Volume (L)  =   1.00300
                        Viscosity (mPa s)  =   0.89070
                        Activity of water  =   1.000
                 Ionic strength (mol/kgw)  =   4.855e-04
                       Mass of water (kg)  =   1.000e+00
                    Total carbon (mol/kg)  =   7.828e-04
                       Total CO2 (mol/kg)  =   7.828e-04
                         Temperature (°C)  =  25.00
                  Electrical balance (eq)  =   1.400e-05
 Percent error, 100*(Cat-|An|)/(Cat+|An|)  =   1.90
                               Iterations  =   8
                                  Total H  = 1.110139e+02
                                  Total O  = 5.550924e+01

----------------------------Distribution of species----------------------------

                                               Log       Log       Log    mole V
   Species          Molality    Activity  Molality  Activity     Gamma   cm³/mol

   H+              6.465e-07   6.310e-07    -6.189    -6.200    -0.011      0.00
   OH-             1.645e-08   1.604e-08    -7.784    -7.795    -0.011     -4.12
   H2O             5.551e+01   1.000e+00     1.744    -0.000     0.000     18.07
C(4)          7.828e-04
   CO2             4.542e-04   4.543e-04    -3.343    -3.343     0.000     34.43
   HCO3-           3.283e-04   3.202e-04    -3.484    -3.495    -0.011     24.57
   MgHCO3+         1.003e-07   9.784e-08    -6.999    -7.009    -0.011      5.47
   CaHCO3+         8.916e-08   8.698e-08    -7.050    -7.061    -0.011    122.63
   NaHCO3          3.643e-08   3.643e-08    -7.439    -7.438     0.000     31.73
   CO3-2           2.629e-08   2.380e-08    -7.580    -7.623    -0.043     -3.97
   KHCO3           3.904e-09   3.904e-09    -8.408    -8.408     0.000     41.03
   (CO2)2          3.787e-09   3.788e-09    -8.422    -8.422     0.000     68.87
   CaCO3           2.815e-09   2.815e-09    -8.550    -8.550     0.000    -14.60
   MgCO3           5.930e-10   5.931e-10    -9.227    -9.227     0.000    -17.09
Ca            7.800e-05
   Ca+2            7.780e-05   7.042e-05    -4.109    -4.152    -0.043    -18.17
   CaSO4           1.111e-07   1.111e-07    -6.954    -6.954     0.000      7.50
   CaHCO3+         8.916e-08   8.698e-08    -7.050    -7.061    -0.011    122.63
   CaCO3           2.815e-09   2.815e-09    -8.550    -8.550     0.000    -14.60
   CaOH+           1.899e-11   1.852e-11   -10.721   -10.732    -0.011     (0)  
   CaHSO4+         4.725e-13   4.608e-13   -12.326   -12.336    -0.011     (0)  
Cl            1.400e-05
   Cl-             1.400e-05   1.365e-05    -4.854    -4.865    -0.011     18.07
   HCl             2.966e-12   2.967e-12   -11.528   -11.528     0.000     (0)  
H(0)          5.636e-24
   H2              2.818e-24   2.818e-24   -23.550   -23.550     0.000     28.61
K             2.800e-05
   K+              2.799e-05   2.730e-05    -4.553    -4.564    -0.011      9.00
   KHCO3           3.904e-09   3.904e-09    -8.408    -8.408     0.000     41.03
   KSO4-           3.777e-09   3.685e-09    -8.423    -8.434    -0.011     14.13
Mg            2.900e-05
   Mg+2            2.884e-05   2.611e-05    -4.540    -4.583    -0.043    -21.86
   MgHCO3+         1.003e-07   9.784e-08    -6.999    -7.009    -0.011      5.47
   MgSO4           6.065e-08   6.066e-08    -7.217    -7.217     0.000     -7.92
   MgCO3           5.930e-10   5.931e-10    -9.227    -9.227     0.000    -17.09
   MgOH+           1.540e-10   1.503e-10    -9.812    -9.823    -0.011     (0)  
   Mg(SO4)2-2      1.956e-12   1.773e-12   -11.709   -11.751    -0.043     -8.04
Na            1.340e-04
   Na+             1.340e-04   1.306e-04    -3.873    -3.884    -0.011     -1.49
   NaHCO3          3.643e-08   3.643e-08    -7.439    -7.438     0.000     31.73
   NaSO4-          1.934e-08   1.887e-08    -7.713    -7.724    -0.011    -22.22
O(0)          0.000e+00
   O2              0.000e+00   0.000e+00   -45.280   -45.280     0.000     30.40
S(6)          1.000e-05
   SO4-2           9.805e-06   8.873e-06    -5.009    -5.052    -0.043     15.25
   CaSO4           1.111e-07   1.111e-07    -6.954    -6.954     0.000      7.50
   MgSO4           6.065e-08   6.066e-08    -7.217    -7.217     0.000     -7.92
   NaSO4-          1.934e-08   1.887e-08    -7.713    -7.724    -0.011    -22.22
   KSO4-           3.777e-09   3.685e-09    -8.423    -8.434    -0.011     14.13
   HSO4-           5.581e-10   5.443e-10    -9.253    -9.264    -0.011     40.27
   Mg(SO4)2-2      1.956e-12   1.773e-12   -11.709   -11.751    -0.043     -8.04
   CaHSO4+         4.725e-13   4.608e-13   -12.326   -12.336    -0.011     (0)  
Si            2.730e-04
   H4SiO4          2.729e-04   2.730e-04    -3.564    -3.564     0.000     52.08
   H3SiO4-         6.542e-08   6.379e-08    -7.184    -7.195    -0.011     27.96
   H2SiO4-2        7.598e-15   6.877e-15   -14.119   -14.163    -0.043     (0)  

------------------------------Saturation indices-------------------------------

  Phase               SI** log IAP   log K(298 K,   1 atm)

  Anhydrite        -4.93     -9.20   -4.28  CaSO4
  Aragonite        -3.44    -11.78   -8.34  CaCO3
  Arcanite        -12.30    -14.18   -1.88  K2SO4
  Calcite          -3.30    -11.78   -8.48  CaCO3
  Chalcedony       -0.01     -3.56   -3.55  SiO2
  Chrysotile      -15.88     16.32   32.20  Mg3Si2O5(OH)4
  CO2(g)           -1.87     -3.34   -1.47  CO2
  Dolomite         -6.90    -23.98  -17.08  CaMg(CO3)2
  Epsomite         -7.90     -9.64   -1.74  MgSO4:7H2O
  Gypsum           -4.62     -9.20   -4.58  CaSO4:2H2O
  H2(g)           -20.45    -23.55   -3.10  H2
  H2O(g)           -1.50     -0.00    1.50  H2O
  Halite          -10.32     -8.75    1.57  NaCl
  Hexahydrite      -8.07     -9.64   -1.57  MgSO4:6H2O
  Kieserite        -8.47     -9.64   -1.16  MgSO4:H2O
  Mirabilite      -11.58    -12.82   -1.24  Na2SO4:10H2O
  O2(g)           -42.39    -45.28   -2.89  O2
  Quartz            0.42     -3.56   -3.98  SiO2
  Sepiolite       -10.82      4.94   15.76  Mg2Si3O7.5OH:3H2O
  Sepiolite(d)    -13.72      4.94   18.66  Mg2Si3O7.5OH:3H2O
  SiO2(a)          -0.85     -3.56   -2.71  SiO2
  Sylvite         -10.33     -9.43    0.90  KCl
  Talc            -12.20      9.20   21.40  Mg3Si4O10(OH)2
  Thenardite      -12.52    -12.82   -0.30  Na2SO4

**For a gas, SI = log10(fugacity). Fugacity = pressure * phi / 1 atm.
  For ideal gases, phi = 1.

Initial solution 2.	Perennial

-----------------------------Solution composition------------------------------

	Elements           Molality       Moles

	Alkalinity        8.951e-04   8.951e-04
	Ca                2.600e-04   2.600e-04
	Cl                3.000e-05   3.000e-05
	K                 4.000e-05   4.000e-05
	Mg                7.101e-05   7.101e-05
	Na                2.590e-04   2.590e-04
	S(6)              2.500e-05   2.500e-05
	Si                4.100e-04   4.100e-04

----------------------------Description of solution----------------------------

                                       pH  =   6.800    
                                       pe  =   4.000    
      Specific Conductance (µS/cm,  25°C)  = 97
                          Density (g/cm³)  =   0.99712
                               Volume (L)  =   1.00301
                        Viscosity (mPa s)  =   0.89116
                        Activity of water  =   1.000
                 Ionic strength (mol/kgw)  =   1.317e-03
                       Mass of water (kg)  =   1.000e+00
                    Total carbon (mol/kg)  =   1.200e-03
                       Total CO2 (mol/kg)  =   1.200e-03
                         Temperature (°C)  =  25.00
                  Electrical balance (eq)  =  -1.400e-05
 Percent error, 100*(Cat-|An|)/(Cat+|An|)  =  -0.73
                               Iterations  =   6 (14 overall)
                                  Total H  = 1.110150e+02
                                  Total O  = 5.551125e+01

----------------------------Distribution of species----------------------------

                                               Log       Log       Log    mole V
   Species          Molality    Activity  Molality  Activity     Gamma   cm³/mol

   H+              1.647e-07   1.585e-07    -6.783    -6.800    -0.017      0.00
   OH-             6.653e-08   6.386e-08    -7.177    -7.195    -0.018     -4.10
   H2O             5.551e+01   1.000e+00     1.744    -0.000     0.000     18.07
C(4)          1.200e-03
   HCO3-           8.924e-04   8.574e-04    -3.049    -3.067    -0.017     24.58
   CO2             3.055e-04   3.055e-04    -3.515    -3.515     0.000     34.43
   CaHCO3+         7.574e-07   7.279e-07    -6.121    -6.138    -0.017    122.64
   MgHCO3+         6.241e-07   5.992e-07    -6.205    -6.222    -0.018      5.48
   CO3-2           2.978e-07   2.537e-07    -6.526    -6.596    -0.070     -3.92
   NaHCO3          1.855e-07   1.856e-07    -6.732    -6.731     0.000     31.73
   CaCO3           9.377e-08   9.380e-08    -7.028    -7.028     0.000    -14.60
   KHCO3           1.470e-08   1.470e-08    -7.833    -7.833     0.000     41.03
   MgCO3           1.446e-08   1.446e-08    -7.840    -7.840     0.000    -17.09
   (CO2)2          1.713e-09   1.713e-09    -8.766    -8.766     0.000     68.87
Ca            2.600e-04
   Ca+2            2.584e-04   2.201e-04    -3.588    -3.657    -0.070    -18.13
   CaSO4           7.926e-07   7.929e-07    -6.101    -6.101     0.000      7.50
   CaHCO3+         7.574e-07   7.279e-07    -6.121    -6.138    -0.017    122.64
   CaCO3           9.377e-08   9.380e-08    -7.028    -7.028     0.000    -14.60
   CaOH+           2.400e-10   2.305e-10    -9.620    -9.637    -0.018     (0)  
   CaHSO4+         8.603e-13   8.260e-13   -12.065   -12.083    -0.018     (0)  
Cl            3.000e-05
   Cl-             3.000e-05   2.880e-05    -4.523    -4.541    -0.018     18.08
   HCl             1.571e-12   1.573e-12   -11.804   -11.803     0.001     (0)  
H(0)          3.555e-25
   H2              1.778e-25   1.778e-25   -24.750   -24.750     0.000     28.61
K             4.000e-05
   K+              3.998e-05   3.838e-05    -4.398    -4.416    -0.018      9.01
   KHCO3           1.470e-08   1.470e-08    -7.833    -7.833     0.000     41.03
   KSO4-           1.230e-08   1.183e-08    -7.910    -7.927    -0.017     14.15
Mg            7.101e-05
   Mg+2            7.005e-05   5.973e-05    -4.155    -4.224    -0.069    -21.81
   MgHCO3+         6.241e-07   5.992e-07    -6.205    -6.222    -0.018      5.48
   MgSO4           3.166e-07   3.168e-07    -6.499    -6.499     0.000     -7.92
   MgCO3           1.446e-08   1.446e-08    -7.840    -7.840     0.000    -17.09
   MgOH+           1.424e-09   1.368e-09    -8.847    -8.864    -0.017     (0)  
   Mg(SO4)2-2      2.474e-11   2.114e-11   -10.607   -10.675    -0.068     -3.35
Na            2.590e-04
   Na+             2.588e-04   2.485e-04    -3.587    -3.605    -0.018     -1.47
   NaHCO3          1.855e-07   1.856e-07    -6.732    -6.731     0.000     31.73
   NaSO4-          8.529e-08   8.195e-08    -7.069    -7.086    -0.017    -20.40
O(0)          0.000e+00
   O2              0.000e+00   0.000e+00   -42.880   -42.880     0.000     30.40
S(6)          2.500e-05
   SO4-2           2.380e-05   2.026e-05    -4.624    -4.693    -0.070     15.76
   CaSO4           7.926e-07   7.929e-07    -6.101    -6.101     0.000      7.50
   MgSO4           3.166e-07   3.168e-07    -6.499    -6.499     0.000     -7.92
   NaSO4-          8.529e-08   8.195e-08    -7.069    -7.086    -0.017    -20.40
   KSO4-           1.230e-08   1.183e-08    -7.910    -7.927    -0.017     14.15
   HSO4-           3.251e-10   3.121e-10    -9.488    -9.506    -0.018     40.28
   Mg(SO4)2-2      2.474e-11   2.114e-11   -10.607   -10.675    -0.068     -3.35
   CaHSO4+         8.603e-13   8.260e-13   -12.065   -12.083    -0.018     (0)  
Si            4.100e-04
   H4SiO4          4.096e-04   4.098e-04    -3.388    -3.387     0.000     52.08
   H3SiO4-         3.971e-07   3.812e-07    -6.401    -6.419    -0.018     27.98
   H2SiO4-2        1.920e-13   1.636e-13   -12.717   -12.786    -0.070     (0)  

------------------------------Saturation indices-------------------------------

  Phase               SI** log IAP   log K(298 K,   1 atm)

  Anhydrite        -4.07     -8.35   -4.28  CaSO4
  Aragonite        -1.92    -10.25   -8.34  CaCO3
  Arcanite        -11.65    -13.53   -1.88  K2SO4
  Calcite          -1.77    -10.25   -8.48  CaCO3
  Chalcedony        0.16     -3.39   -3.55  SiO2
  Chrysotile      -10.85     21.35   32.20  Mg3Si2O5(OH)4
  CO2(g)           -2.05     -3.51   -1.47  CO2
  Dolomite         -3.99    -21.07  -17.08  CaMg(CO3)2
  Epsomite         -7.18     -8.92   -1.74  MgSO4:7H2O
  Gypsum           -3.77     -8.35   -4.58  CaSO4:2H2O
  H2(g)           -21.65    -24.75   -3.10  H2
  H2O(g)           -1.50     -0.00    1.50  H2O
  Halite           -9.72     -8.15    1.57  NaCl
  Hexahydrite      -7.35     -8.92   -1.57  MgSO4:6H2O
  Kieserite        -7.76     -8.92   -1.16  MgSO4:H2O
  Mirabilite      -10.66    -11.90   -1.24  Na2SO4:10H2O
  O2(g)           -39.99    -42.88   -2.89  O2
  Quartz            0.59     -3.39   -3.98  SiO2
  Sepiolite        -7.17      8.59   15.76  Mg2Si3O7.5OH:3H2O
  Sepiolite(d)    -10.07      8.59   18.66  Mg2Si3O7.5OH:3H2O
  SiO2(a)          -0.68     -3.39   -2.71  SiO2
  Sylvite          -9.86     -8.96    0.90  KCl
  Talc             -6.82     14.58   21.40  Mg3Si4O10(OH)2
  Thenardite      -11.60    -11.90   -0.30  Na2SO4

**For a gas, SI = log10(fugacity). Fugacity = pressure * phi / 1 atm.
  For ideal gases, phi = 1.

-----------------------------------------
Beginning of batch-reaction calculations.
-----------------------------------------

Reaction step 1.

Using mix 1.	
Using pure phase assemblage 1.	

Mixture 1.	

	  5.000e-01 Solution 1	Ephemeral                                              
	  5.000e-01 Solution 2	Perennial                                              

-------------------------------Phase assemblage--------------------------------

                                                      Moles in assemblage
Phase               SI  log IAP  log K(T, P)   Initial       Final       Delta

Chalcedony        0.00    -3.55     -3.55    0.000e+00   6.049e-05   6.049e-05

-----------------------------Solution composition------------------------------

	Elements           Molality       Moles

	C                 9.913e-04   9.913e-04
	Ca                1.690e-04   1.690e-04
	Cl                2.200e-05   2.200e-05
	K                 3.400e-05   3.400e-05
	Mg                5.000e-05   5.000e-05
	Na                1.965e-04   1.965e-04
	S                 1.750e-05   1.750e-05
	Si                2.810e-04   2.810e-04

----------------------------Description of solution----------------------------

                                       pH  =   6.543      Charge balance
                                       pe  =  11.384      Adjusted to redox equilibrium
      Specific Conductance (µS/cm,  25°C)  = 67
                          Density (g/cm³)  =   0.99710
                               Volume (L)  =   1.00301
                        Viscosity (mPa s)  =   0.89098
                        Activity of water  =   1.000
                 Ionic strength (mol/kgw)  =   9.017e-04
                       Mass of water (kg)  =   1.000e+00
                 Total alkalinity (eq/kg)  =   6.116e-04
                       Total CO2 (mol/kg)  =   9.913e-04
                         Temperature (°C)  =  25.00
                  Electrical balance (eq)  =  -3.944e-10
 Percent error, 100*(Cat-|An|)/(Cat+|An|)  =  -0.00
                               Iterations  =  12
                                  Total H  = 1.110144e+02
                                  Total O  = 5.551013e+01

----------------------------Distribution of species----------------------------

                                               Log       Log       Log    mole V
   Species          Molality    Activity  Molality  Activity     Gamma   cm³/mol

   H+              2.955e-07   2.861e-07    -6.529    -6.543    -0.014      0.00
   OH-             3.660e-08   3.538e-08    -7.436    -7.451    -0.015     -4.11
   H2O             5.551e+01   1.000e+00     1.744    -0.000     0.000     18.07
C(-4)         0.000e+00
   CH4             0.000e+00   0.000e+00  -122.450  -122.450     0.000     35.46
C(4)          9.913e-04
   HCO3-           6.106e-04   5.905e-04    -3.214    -3.229    -0.015     24.58
   CO2             3.798e-04   3.798e-04    -3.420    -3.420     0.000     34.43
   CaHCO3+         3.465e-07   3.352e-07    -6.460    -6.475    -0.014    122.64
   MgHCO3+         3.098e-07   2.994e-07    -6.509    -6.524    -0.015      5.48
   CO3-2           1.107e-07   9.680e-08    -6.956    -7.014    -0.058     -3.94
   NaHCO3          9.761e-08   9.765e-08    -7.011    -7.010     0.000     31.73
   CaCO3           2.392e-08   2.393e-08    -7.621    -7.621     0.000    -14.60
   KHCO3           8.664e-09   8.665e-09    -8.062    -8.062     0.000     41.03
   MgCO3           4.002e-09   4.003e-09    -8.398    -8.398     0.000    -17.09
   (CO2)2          2.648e-09   2.648e-09    -8.577    -8.577     0.000     68.87
Ca            1.690e-04
   Ca+2            1.683e-04   1.471e-04    -3.774    -3.832    -0.058    -18.15
   CaSO4           3.863e-07   3.864e-07    -6.413    -6.413     0.000      7.50
   CaHCO3+         3.465e-07   3.352e-07    -6.460    -6.475    -0.014    122.64
   CaCO3           2.392e-08   2.393e-08    -7.621    -7.621     0.000    -14.60
   CaOH+           8.830e-11   8.535e-11   -10.054   -10.069    -0.015     (0)  
   CaHSO4+         7.517e-13   7.266e-13   -12.124   -12.139    -0.015     (0)  
Cl            2.200e-05
   Cl-             2.200e-05   2.127e-05    -4.658    -4.672    -0.015     18.07
   HCl             2.094e-12   2.096e-12   -11.679   -11.679     0.000     (0)  
H(0)          1.977e-39
   H2              9.886e-40   9.888e-40   -39.005   -39.005     0.000     28.61
K             3.400e-05
   K+              3.399e-05   3.285e-05    -4.469    -4.483    -0.015      9.01
   KHCO3           8.664e-09   8.665e-09    -8.062    -8.062     0.000     41.03
   KSO4-           7.629e-09   7.380e-09    -8.118    -8.132    -0.014     14.14
Mg            5.000e-05
   Mg+2            4.952e-05   4.334e-05    -4.305    -4.363    -0.058    -21.83
   MgHCO3+         3.098e-07   2.994e-07    -6.509    -6.524    -0.015      5.48
   MgSO4           1.675e-07   1.676e-07    -6.776    -6.776     0.000     -7.92
   MgCO3           4.002e-09   4.003e-09    -8.398    -8.398     0.000    -17.09
   MgOH+           5.685e-10   5.500e-10    -9.245    -9.260    -0.014     (0)  
   Mg(SO4)2-2      9.298e-12   8.150e-12   -11.032   -11.089    -0.057     -5.15
Na            1.965e-04
   Na+             1.964e-04   1.899e-04    -3.707    -3.722    -0.015     -1.48
   NaHCO3          9.761e-08   9.765e-08    -7.011    -7.010     0.000     31.73
   NaSO4-          4.719e-08   4.564e-08    -7.326    -7.341    -0.015    -21.14
O(0)          8.526e-15
   O2              4.263e-15   4.264e-15   -14.370   -14.370     0.000     30.40
S(-2)         0.000e+00
   H2S             0.000e+00   0.000e+00  -120.746  -120.746     0.000     36.27
   HS-             0.000e+00   0.000e+00  -121.129  -121.144    -0.015     20.60
   S-2             0.000e+00   0.000e+00  -127.460  -127.518    -0.058     (0)  
   (H2S)2          0.000e+00   0.000e+00  -242.770  -242.769     0.000     30.09
S(6)          1.750e-05
   SO4-2           1.689e-05   1.477e-05    -4.772    -4.831    -0.058     15.54
   CaSO4           3.863e-07   3.864e-07    -6.413    -6.413     0.000      7.50
   MgSO4           1.675e-07   1.676e-07    -6.776    -6.776     0.000     -7.92
   NaSO4-          4.719e-08   4.564e-08    -7.326    -7.341    -0.015    -21.14
   KSO4-           7.629e-09   7.380e-09    -8.118    -8.132    -0.014     14.14
   HSO4-           4.249e-10   4.107e-10    -9.372    -9.386    -0.015     40.28
   Mg(SO4)2-2      9.298e-12   8.150e-12   -11.032   -11.089    -0.057     -5.15
   CaHSO4+         7.517e-13   7.266e-13   -12.124   -12.139    -0.015     (0)  
Si            2.810e-04
   H4SiO4          2.809e-04   2.810e-04    -3.551    -3.551     0.000     52.08
   H3SiO4-         1.498e-07   1.448e-07    -6.824    -6.839    -0.015     27.97
   H2SiO4-2        3.936e-14   3.443e-14   -13.405   -13.463    -0.058     (0)  

------------------------------Saturation indices-------------------------------

  Phase               SI** log IAP   log K(298 K,   1 atm)

  Anhydrite        -4.39     -8.66   -4.28  CaSO4
  Aragonite        -2.51    -10.85   -8.34  CaCO3
  Arcanite        -11.92    -13.80   -1.88  K2SO4
  Calcite          -2.37    -10.85   -8.48  CaCO3
  CH4(g)         -119.65   -122.45   -2.80  CH4
  Chalcedony        0.00     -3.55   -3.55  SiO2
  Chrysotile      -13.13     19.07   32.20  Mg3Si2O5(OH)4
  CO2(g)           -1.95     -3.42   -1.47  CO2
  Dolomite         -5.14    -22.22  -17.08  CaMg(CO3)2
  Epsomite         -7.46     -9.19   -1.74  MgSO4:7H2O
  Gypsum           -4.08     -8.66   -4.58  CaSO4:2H2O
  H2(g)           -35.90    -39.00   -3.10  H2
  H2O(g)           -1.50     -0.00    1.50  H2O
  H2S(g)         -119.75   -127.69   -7.94  H2S
  Halite           -9.96     -8.39    1.57  NaCl
  Hexahydrite      -7.63     -9.19   -1.57  MgSO4:6H2O
  Kieserite        -8.03     -9.19   -1.16  MgSO4:H2O
  Mirabilite      -11.03    -12.27   -1.24  Na2SO4:10H2O
  O2(g)           -11.48    -14.37   -2.89  O2
  Quartz            0.43     -3.55   -3.98  SiO2
  Sepiolite        -8.97      6.79   15.76  Mg2Si3O7.5OH:3H2O
  Sepiolite(d)    -11.87      6.79   18.66  Mg2Si3O7.5OH:3H2O
  SiO2(a)          -0.84     -3.55   -2.71  SiO2
  Sulfur          -89.77    -84.89    4.88  S
  Sylvite         -10.06     -9.16    0.90  KCl
  Talc             -9.43     11.97   21.40  Mg3Si4O10(OH)2
  Thenardite      -11.97    -12.27   -0.30  Na2SO4

**For a gas, SI = log10(fugacity). Fugacity = pressure * phi / 1 atm.
  For ideal gases, phi = 1.

------------------
End of simulation.
------------------

------------------------------------
Reading input data for simulation 2.
------------------------------------

----------------------------------
End of Run after 0.010206 Seconds.
----------------------------------

