   Input file: /Users/kezhang/Desktop/projects/geos/geos_github/work_space/dataset_q_00240/pyrite.in
  Output file: /Users/kezhang/Desktop/projects/geos/geos_github/work_space/dataset_q_00240/result.out
Database file: /Users/kezhang/Desktop/projects/geos/phreeqc-3.8.6-17100/database/phreeqc.dat

------------------
Reading data base.
------------------

	SOLUTION_MASTER_SPECIES
	SOLUTION_SPECIES
	PHASES
	GAS_BINARY_PARAMETERS
	EXCHANGE_MASTER_SPECIES
	EXCHANGE_SPECIES
	SURFACE_MASTER_SPECIES
	SURFACE_SPECIES
	MEAN_GAMMAS
	RATES
	END
------------------------------------
Reading input data for simulation 1.
------------------------------------

	TITLE Pyrite oxidation in pure water, O2 fixed, possible goethite and gypsum
	SOLUTION 1
	    temp 25
	    pH 7 charge
	    units mol/kgw
	    water 1
	EQUILIBRIUM_PHASES 1
	    O2(g)   -0.7  10
	    Pyrite  0     0.1
	    Goethite 0    0
	    Gypsum   0    0
	END
-----
TITLE
-----

 Pyrite oxidation in pure water, O2 fixed, possible goethite and gypsum

-------------------------------------------
Beginning of initial solution calculations.
-------------------------------------------

Initial solution 1.	

-----------------------------Solution composition------------------------------

	Elements           Molality       Moles

	Pure water     

----------------------------Description of solution----------------------------

                                       pH  =   6.997      Charge balance
                                       pe  =   4.000    
      Specific Conductance (µS/cm,  25°C)  = 0
                          Density (g/cm³)  =   0.99704
                               Volume (L)  =   1.00297
                        Viscosity (mPa s)  =   0.89002
                        Activity of water  =   1.000
                 Ionic strength (mol/kgw)  =   1.006e-07
                       Mass of water (kg)  =   1.000e+00
                 Total alkalinity (eq/kg)  =   3.040e-17
                         Temperature (°C)  =  25.00
                  Electrical balance (eq)  =  -3.040e-17
 Percent error, 100*(Cat-|An|)/(Cat+|An|)  =  -0.00
                               Iterations  =   2
                                  Total H  = 1.110124e+02
                                  Total O  = 5.550622e+01

----------------------------Distribution of species----------------------------

                                               Log       Log       Log    mole V
   Species          Molality    Activity  Molality  Activity     Gamma   cm³/mol

   OH-             1.006e-07   1.006e-07    -6.997    -6.997    -0.000     -4.14
   H+              1.006e-07   1.006e-07    -6.997    -6.997    -0.000      0.00
   H2O             5.551e+01   1.000e+00     1.744    -0.000     0.000     18.07
H(0)          1.433e-25
   H2              7.166e-26   7.166e-26   -25.145   -25.145     0.000     28.61
O(0)          0.000e+00
   O2              0.000e+00   0.000e+00   -42.090   -42.090     0.000     30.40

------------------------------Saturation indices-------------------------------

  Phase               SI** log IAP   log K(298 K,   1 atm)

  H2(g)           -22.04    -25.14   -3.10  H2
  H2O(g)           -1.50     -0.00    1.50  H2O
  O2(g)           -39.20    -42.09   -2.89  O2

**For a gas, SI = log10(fugacity). Fugacity = pressure * phi / 1 atm.
  For ideal gases, phi = 1.

-----------------------------------------
Beginning of batch-reaction calculations.
-----------------------------------------

Reaction step 1.

WARNING: Element Ca is contained in Gypsum (which has 0.0 mass),	
but is not in solution or other phases.
Using solution 1.	
Using pure phase assemblage 1.	

-------------------------------Phase assemblage--------------------------------

                                                      Moles in assemblage
Phase               SI  log IAP  log K(T, P)   Initial       Final       Delta

Goethite         -0.00    -1.00     -1.00    0.000e+00   6.182e-02   6.182e-02
Gypsum               Element not present.    0.000e+00           0   0.000e+00
O2(g)            -0.70    -3.59     -2.89    1.000e+01   9.625e+00  -3.752e-01
Pyrite         -219.43  -237.91    -18.48    1.000e-01           0  -1.000e-01

-----------------------------Solution composition------------------------------

	Elements           Molality       Moles

	Fe                3.830e-02   3.818e-02
	S                 2.006e-01   2.000e-01

----------------------------Description of solution----------------------------

                                       pH  =   0.945      Charge balance
                                       pe  =  19.678      Adjusted to redox equilibrium
      Specific Conductance (µS/cm,  25°C)  = 56613
                          Density (g/cm³)  =   1.01246
                               Volume (L)  =   1.00598
                        Viscosity (mPa s)  =   0.91793
                        Activity of water  =   0.994
                 Ionic strength (mol/kgw)  =   2.450e-01
                       Mass of water (kg)  =   9.969e-01
                 Total alkalinity (eq/kg)  =  -3.630e-01
                         Temperature (°C)  =  25.00
                  Electrical balance (eq)  =  -5.484e-12
 Percent error, 100*(Cat-|An|)/(Cat+|An|)  =  -0.00
                               Iterations  =  19
                                  Total H  = 1.109506e+02
                                  Total O  = 5.613305e+01

----------------------------Distribution of species----------------------------

                                               Log       Log       Log    mole V
   Species          Molality    Activity  Molality  Activity     Gamma   cm³/mol

   H+              1.438e-01   1.136e-01    -0.842    -0.945    -0.102      0.00
   OH-             1.283e-13   8.860e-14   -12.892   -13.053    -0.161     -3.40
   H2O             5.551e+01   9.942e-01     1.744    -0.003     0.000     18.07
Fe(2)         2.028e-10
   Fe+2            1.056e-10   3.254e-11    -9.976   -10.488    -0.511    -21.17
   FeHSO4+         5.022e-11   3.711e-11   -10.299   -10.430    -0.131     (0)  
   FeSO4           4.699e-11   4.971e-11   -10.328   -10.304     0.024     18.97
   FeOH+           1.241e-19   9.008e-20   -18.906   -19.045    -0.139     (0)  
   Fe(OH)2         6.344e-30   6.712e-30   -29.198   -29.173     0.024     (0)  
   Fe(OH)3-        3.008e-39   2.183e-39   -38.522   -38.661    -0.139     (0)  
   Fe(HS)2         0.000e+00   0.000e+00  -270.234  -270.209     0.024     (0)  
   Fe(HS)3-        0.000e+00   0.000e+00  -402.377  -402.508    -0.131     (0)  
Fe(3)         3.830e-02
   FeSO4+          1.924e-02   1.396e-02    -1.716    -1.855    -0.139     (0)  
   FeHSO4+2        1.424e-02   4.246e-03    -1.847    -2.372    -0.525     (0)  
   Fe(SO4)2-       3.551e-03   2.624e-03    -2.450    -2.581    -0.131     (0)  
   Fe+3            1.239e-03   1.482e-04    -2.907    -3.829    -0.922     (0)  
   FeOH+2          3.020e-05   8.376e-06    -4.520    -5.077    -0.557     (0)  
   Fe2(OH)2+4      2.388e-07   1.888e-09    -6.622    -8.724    -2.102     (0)  
   Fe(OH)2+        3.309e-08   2.428e-08    -7.480    -7.615    -0.134     (0)  
   Fe3(OH)4+5      1.844e-11   9.580e-15   -10.734   -14.019    -3.284     (0)  
   Fe(OH)3         2.588e-14   2.738e-14   -13.587   -13.563     0.024     (0)  
   Fe(OH)4-        2.979e-22   2.186e-22   -21.526   -21.660    -0.134     (0)  
H(0)          0.000e+00
   H2              0.000e+00   0.000e+00   -44.421   -44.396     0.024     28.61
O(0)          4.832e-04
   O2              2.416e-04   2.556e-04    -3.617    -3.592     0.024     30.40
S(-2)         0.000e+00
   H2S             0.000e+00   0.000e+00  -128.363  -128.339     0.024     36.27
   HS-             0.000e+00   0.000e+00  -134.175  -134.336    -0.161     21.04
   S-2             0.000e+00   0.000e+00  -145.752  -146.309    -0.557     (0)  
   (H2S)2          0.000e+00   0.000e+00  -257.980  -257.956     0.024     30.09
   Fe(HS)2         0.000e+00   0.000e+00  -270.234  -270.209     0.024     (0)  
   Fe(HS)3-        0.000e+00   0.000e+00  -402.377  -402.508    -0.131     (0)  
S(6)          2.006e-01
   HSO4-           1.284e-01   9.486e-02    -0.892    -1.023    -0.131     40.69
   SO4-2           3.168e-02   8.591e-03    -1.499    -2.066    -0.567     29.55
   FeSO4+          1.924e-02   1.396e-02    -1.716    -1.855    -0.139     (0)  
   FeHSO4+2        1.424e-02   4.246e-03    -1.847    -2.372    -0.525     (0)  
   Fe(SO4)2-       3.551e-03   2.624e-03    -2.450    -2.581    -0.131     (0)  
   FeHSO4+         5.022e-11   3.711e-11   -10.299   -10.430    -0.131     (0)  
   FeSO4           4.699e-11   4.971e-11   -10.328   -10.304     0.024     18.97

------------------------------Saturation indices-------------------------------

  Phase               SI** log IAP   log K(298 K,   1 atm)

  Fe(OH)3(a)       -5.89     -1.00    4.89  Fe(OH)3
  FeS(ppt)       -139.96   -143.88   -3.92  FeS
  Goethite         -0.00     -1.00   -1.00  FeOOH
  H2(g)           -41.30    -44.40   -3.10  H2
  H2O(g)           -1.51     -0.00    1.50  H2O
  H2S(g)         -127.34   -135.28   -7.94  H2S
  Hematite          2.01     -2.00   -4.01  Fe2O3
  Mackinawite    -139.23   -143.88   -4.65  FeS
  Melanterite     -10.36    -12.57   -2.21  FeSO4:7H2O
  O2(g)            -0.70     -3.59   -2.89  O2	 Pressure   0.2 atm, phi 1.000
  Pyrite         -219.43   -237.91  -18.48  FeS2
  Sulfur          -91.97    -87.09    4.88  S

**For a gas, SI = log10(fugacity). Fugacity = pressure * phi / 1 atm.
  For ideal gases, phi = 1.

------------------
End of simulation.
------------------

------------------------------------
Reading input data for simulation 2.
------------------------------------

----------------------------------
End of Run after 0.004467 Seconds.
----------------------------------

