   Input file: /Users/kezhang/Desktop/projects/geos/geos_github/work_space/question_3/q3.phr
  Output file: /Users/kezhang/Desktop/projects/geos/geos_github/work_space/question_3/result.out
Database file: /Users/kezhang/Desktop/projects/geos/phreeqc-3.8.6-17100/database/phreeqc.dat

------------------
Reading data base.
------------------

	SOLUTION_MASTER_SPECIES
	SOLUTION_SPECIES
	PHASES
	GAS_BINARY_PARAMETERS
	EXCHANGE_MASTER_SPECIES
	EXCHANGE_SPECIES
	SURFACE_MASTER_SPECIES
	SURFACE_SPECIES
	MEAN_GAMMAS
	RATES
	END
------------------------------------
Reading input data for simulation 1.
------------------------------------

	TITLE Q3 CO2 3 atm with Cu2+ 0.5 m, Fe3+ 0.25 m, initial pH 7, 100C
	SOLUTION 1
	    temp 100
	    pH 7 charge
	    Cu 0.5
	    Fe 0.25
	EQUILIBRIUM_PHASES 1
	    CO2(g) -0.52287874528 10  # log10(3 atm)
	SELECTED_OUTPUT
	    file q3.sel
	    reset false
	    ph true
	END
-----
TITLE
-----

 Q3 CO2 3 atm with Cu2+ 0.5 m, Fe3+ 0.25 m, initial pH 7, 100C

-------------------------------------------
Beginning of initial solution calculations.
-------------------------------------------

Initial solution 1.	

-----------------------------Solution composition------------------------------

	Elements           Molality       Moles

	Cu                5.000e-04   5.000e-04
	Fe                2.500e-04   2.500e-04

----------------------------Description of solution----------------------------

                                       pH  =   8.184      Charge balance
                                       pe  =   4.000    
      Specific Conductance (µS/cm, 100°C)  = 37
                          Density (g/cm³)  =   0.95842
                               Volume (L)  =   1.04346
                        Viscosity (mPa s)  =   0.28162
                        Activity of water  =   1.000
                 Ionic strength (mol/kgw)  =   3.651e-04
                       Mass of water (kg)  =   1.000e+00
                 Total alkalinity (eq/kg)  =   1.250e-03
                         Temperature (°C)  = 100.00
                  Electrical balance (eq)  =   7.126e-17
 Percent error, 100*(Cat-|An|)/(Cat+|An|)  =   0.00
                               Iterations  =   8
                                  Total H  = 1.110142e+02
                                  Total O  = 5.550797e+01

----------------------------Distribution of species----------------------------

                                               Log       Log       Log    mole V
   Species          Molality    Activity  Molality  Activity     Gamma   cm³/mol

   OH-             9.059e-05   8.828e-05    -4.043    -4.054    -0.011     -5.92
   H+              6.709e-09   6.543e-09    -8.173    -8.184    -0.011      0.00
   H2O             5.551e+01   1.000e+00     1.744    -0.000     0.000     18.80
Cu(1)         4.968e-08
   Cu+             4.968e-08   4.841e-08    -7.304    -7.315    -0.011     (0)  
Cu(2)         5.000e-04
   Cu(OH)2         2.571e-04   2.571e-04    -3.590    -3.590     0.000     (0)  
   Cu2(OH)2+2      1.207e-04   1.089e-04    -3.918    -3.963    -0.045     (0)  
   CuOH+           8.264e-07   8.054e-07    -6.083    -6.094    -0.011     (0)  
   Cu+2            5.834e-07   5.270e-07    -6.234    -6.278    -0.044    -29.70
   Cu(OH)3-        2.430e-09   2.368e-09    -8.614    -8.626    -0.011     (0)  
   Cu(OH)4-2       8.004e-14   7.220e-14   -13.097   -13.141    -0.045     (0)  
Fe(2)         5.554e-12
   FeOH+           3.731e-12   3.636e-12   -11.428   -11.439    -0.011     (0)  
   Fe+2            9.461e-13   8.547e-13   -12.024   -12.068    -0.044    -20.45
   Fe(OH)2         8.679e-13   8.679e-13   -12.062   -12.062     0.000     (0)  
   Fe(OH)3-        9.107e-15   8.877e-15   -14.041   -14.052    -0.011     (0)  
Fe(3)         2.500e-04
   Fe(OH)4-        1.532e-04   1.494e-04    -3.815    -3.826    -0.011     (0)  
   Fe(OH)3         9.640e-05   9.640e-05    -4.016    -4.016     0.000     (0)  
   Fe(OH)2+        3.686e-07   3.593e-07    -6.433    -6.444    -0.011     (0)  
   FeOH+2          8.103e-13   7.316e-13   -12.091   -12.136    -0.044     (0)  
   Fe+3            2.725e-20   2.177e-20   -19.565   -19.662    -0.097     (0)  
   Fe2(OH)2+4      1.828e-24   1.211e-24   -23.738   -23.917    -0.179     (0)  
   Fe3(OH)4+5      6.868e-31   3.607e-31   -30.163   -30.443    -0.280     (0)  
H(0)          3.338e-28
   H2              1.669e-28   1.669e-28   -27.778   -27.778     0.000     28.57
O(0)          6.539e-18
   O2              3.270e-18   3.270e-18   -17.486   -17.485     0.000     33.90

------------------------------Saturation indices-------------------------------

  Phase               SI** log IAP   log K(373 K,   1 atm)

  Fe(OH)3(a)       -0.00      4.89    4.89  Fe(OH)3
  Goethite          8.02      4.89   -3.13  FeOOH
  H2(g)           -24.68    -27.78   -3.10  H2
  H2O(g)           -0.01     -0.00    0.00  H2O
  Hematite         18.33      9.78   -8.55  Fe2O3
  O2(g)           -14.37    -17.49   -3.11  O2

**For a gas, SI = log10(fugacity). Fugacity = pressure * phi / 1 atm.
  For ideal gases, phi = 1.

-----------------------------------------
Beginning of batch-reaction calculations.
-----------------------------------------

Reaction step 1.

Using solution 1.	
Using pure phase assemblage 1.	

-------------------------------Phase assemblage--------------------------------

                                                      Moles in assemblage
Phase               SI  log IAP  log K(T, P)   Initial       Final       Delta

CO2(g)           -0.52    -2.50     -1.98    1.000e+01   9.996e+00  -3.976e-03

-----------------------------Solution composition------------------------------

	Elements           Molality       Moles

	C                 3.976e-03   3.976e-03
	Cu                5.000e-04   5.000e-04
	Fe                2.500e-04   2.500e-04

----------------------------Description of solution----------------------------

                                       pH  =   5.790      Charge balance
                                       pe  =   6.844      Adjusted to redox equilibrium
      Specific Conductance (µS/cm, 100°C)  = 155
                          Density (g/cm³)  =   0.95846
                               Volume (L)  =   1.04360
                        Viscosity (mPa s)  =   0.28291
                        Activity of water  =   1.000
                 Ionic strength (mol/kgw)  =   1.050e-03
                       Mass of water (kg)  =   1.000e+00
                 Total alkalinity (eq/kg)  =   1.250e-03
                       Total CO2 (mol/kg)  =   3.976e-03
                         Temperature (°C)  = 100.00
                  Electrical balance (eq)  =   2.980e-16
 Percent error, 100*(Cat-|An|)/(Cat+|An|)  =   0.00
                               Iterations  =  13
                                  Total H  = 1.110142e+02
                                  Total O  = 5.551592e+01

----------------------------Distribution of species----------------------------

                                               Log       Log       Log    mole V
   Species          Molality    Activity  Molality  Activity     Gamma   cm³/mol

   H+              1.690e-06   1.623e-06    -5.772    -5.790    -0.018      0.00
   OH-             3.716e-07   3.560e-07    -6.430    -6.449    -0.019     -5.89
   H2O             5.551e+01   9.999e-01     1.744    -0.000     0.000     18.80
C(-4)         0.000e+00
   CH4             0.000e+00   0.000e+00   -88.073   -88.073     0.000     41.06
C(4)          3.976e-03
   CO2             3.144e-03   3.145e-03    -2.503    -2.502     0.000     38.89
   HCO3-           7.569e-04   7.256e-04    -3.121    -3.139    -0.018     23.70
   CuHCO3+         5.050e-05   4.838e-05    -4.297    -4.315    -0.019     (0)  
   CuCO3           2.234e-05   2.234e-05    -4.651    -4.651     0.000     (0)  
   (CO2)2          9.175e-07   9.177e-07    -6.037    -6.037     0.000     77.78
   CO3-2           3.703e-08   3.128e-08    -7.431    -7.505    -0.073     -8.81
   FeHCO3+         1.862e-09   1.783e-09    -8.730    -8.749    -0.019     (0)  
   Cu(CO3)2-2      1.045e-09   8.797e-10    -8.981    -9.056    -0.075     (0)  
   FeCO3           1.844e-11   1.844e-11   -10.734   -10.734     0.000     (0)  
Cu(1)         1.829e-08
   Cu+             1.829e-08   1.751e-08    -7.738    -7.757    -0.019     (0)  
Cu(2)         5.000e-04
   Cu+2            1.573e-04   1.330e-04    -3.803    -3.876    -0.073    -29.60
   Cu2(OH)2+2      1.339e-04   1.128e-04    -3.873    -3.948    -0.075     (0)  
   CuHCO3+         5.050e-05   4.838e-05    -4.297    -4.315    -0.019     (0)  
   CuCO3           2.234e-05   2.234e-05    -4.651    -4.651     0.000     (0)  
   Cu(OH)2         1.055e-06   1.055e-06    -5.977    -5.977     0.000     (0)  
   CuOH+           8.557e-07   8.198e-07    -6.068    -6.086    -0.019     (0)  
   Cu(CO3)2-2      1.045e-09   8.797e-10    -8.981    -9.056    -0.075     (0)  
   Cu(OH)3-        4.091e-14   3.919e-14   -13.388   -13.407    -0.019     (0)  
   Cu(OH)4-2       5.721e-21   4.818e-21   -20.243   -20.317    -0.075     (0)  
Fe(2)         3.139e-08
   Fe+2            2.907e-08   2.458e-08    -7.537    -7.609    -0.073    -20.35
   FeHCO3+         1.862e-09   1.783e-09    -8.730    -8.749    -0.019     (0)  
   FeOH+           4.399e-10   4.217e-10    -9.357    -9.375    -0.018     (0)  
   FeCO3           1.844e-11   1.844e-11   -10.734   -10.734     0.000     (0)  
   Fe(OH)2         4.057e-13   4.058e-13   -12.392   -12.392     0.000     (0)  
   Fe(OH)3-        1.746e-17   1.674e-17   -16.758   -16.776    -0.018     (0)  
Fe(3)         2.500e-04
   Fe(OH)3         1.268e-04   1.268e-04    -3.897    -3.897     0.000     (0)  
   Fe(OH)2+        1.223e-04   1.172e-04    -3.913    -3.931    -0.018     (0)  
   Fe(OH)4-        8.265e-07   7.923e-07    -6.083    -6.101    -0.018     (0)  
   FeOH+2          7.013e-08   5.919e-08    -7.154    -7.228    -0.074     (0)  
   Fe+3            6.301e-13   4.369e-13   -12.201   -12.360    -0.159     (0)  
   Fe2(OH)2+4      1.575e-14   7.925e-15   -13.803   -14.101    -0.298     (0)  
   Fe3(OH)4+5      2.253e-18   7.704e-19   -17.647   -18.113    -0.466     (0)  
H(0)          4.216e-29
   H2              2.108e-29   2.108e-29   -28.676   -28.676     0.000     28.57
O(0)          4.097e-16
   O2              2.048e-16   2.049e-16   -15.689   -15.689     0.000     33.90

------------------------------Saturation indices-------------------------------

  Phase               SI** log IAP   log K(373 K,   1 atm)

  CH4(g)          -85.07    -88.07   -3.00  CH4
  CO2(g)           -0.52     -2.50   -1.98  CO2	 Pressure   0.3 atm, phi 0.999
  Fe(OH)3(a)        0.12      5.01    4.89  Fe(OH)3
  Goethite          8.14      5.01   -3.13  FeOOH
  H2(g)           -25.58    -28.68   -3.10  H2
  H2O(g)           -0.01     -0.00    0.00  H2O
  Hematite         18.57     10.02   -8.55  Fe2O3
  O2(g)           -12.57    -15.69   -3.11  O2
  Siderite         -3.86    -15.11  -11.26  FeCO3

**For a gas, SI = log10(fugacity). Fugacity = pressure * phi / 1 atm.
  For ideal gases, phi = 1.

------------------
End of simulation.
------------------

------------------------------------
Reading input data for simulation 2.
------------------------------------

----------------------------------
End of Run after 0.011217 Seconds.
----------------------------------

