   Input file: /Users/kezhang/Desktop/projects/geos/geos_github/work_space/dataset_q_00310/u.in
  Output file: /Users/kezhang/Desktop/projects/geos/geos_github/work_space/dataset_q_00310/result.out
Database file: /Users/kezhang/Desktop/projects/geos/phreeqc-3.8.6-17100/database/phreeqc.dat

------------------
Reading data base.
------------------

	SOLUTION_MASTER_SPECIES
	SOLUTION_SPECIES
	PHASES
	GAS_BINARY_PARAMETERS
	EXCHANGE_MASTER_SPECIES
	EXCHANGE_SPECIES
	SURFACE_MASTER_SPECIES
	SURFACE_SPECIES
	MEAN_GAMMAS
	RATES
	END
------------------------------------
Reading input data for simulation 1.
------------------------------------

	SOLUTION_MASTER_SPECIES
	    U      UO2+2   238.0289  U  238.0289
	SOLUTION_SPECIES
	UO2+2 = UO2+2
	    log_k 0
	UO2+2 + CO3-2 = UO2CO3
	    log_k 10
	UO2+2 + 2 CO3-2 = UO2(CO3)2-2
	    log_k 20
	UO2+2 + 3 CO3-2 = UO2(CO3)3-4
	    log_k 30
	SOLUTION 1 Seawater
	    temp 25
	    pH 8.22
	    pe 8.451 O(0)/O(-2)
	    density 1.023
	    units ppm
	    Ca 412.3
	    Mg 1291.8
	    Na 10768
	    K 399.1
	    Fe 0.002
	    Mn 0.0002
	    Si 4.28
	    Cl 19353
	    Alkalinity 141.682 as HCO3
	    S(6) 2712
	    N(5) 0.29
	    N(-3) 0.03 as NH4
	    U 0.0033
	SELECTED_OUTPUT
	    file selected.txt
	    reset false
	USER_PUNCH
	    headings UO2+2 UO2CO3 UO2(CO3)2-2 UO2(CO3)3-4
	    10 PUNCH MOL("UO2+2"), MOL("UO2CO3"), MOL("UO2(CO3)2-2"), MOL("UO2(CO3)3-4")
	END
-------------------------------------------
Beginning of initial solution calculations.
-------------------------------------------

Initial solution 1.	Seawater

-----------------------------Solution composition------------------------------

	Elements           Molality       Moles

	Alkalinity        2.406e-03   2.406e-03
	Ca                1.066e-02   1.066e-02
	Cl                5.657e-01   5.657e-01
	Fe                3.711e-08   3.711e-08
	K                 1.058e-02   1.058e-02
	Mg                5.507e-02   5.507e-02
	Mn                3.773e-09   3.773e-09
	N(-3)             1.724e-06   1.724e-06
	N(5)              2.146e-05   2.146e-05
	Na                4.854e-01   4.854e-01
	S(6)              2.926e-02   2.926e-02
	Si                7.382e-05   7.382e-05
	U                 1.437e-08   1.437e-08

----------------------------Description of solution----------------------------

                                       pH  =   8.220    
                                       pe  =   8.451    
      Specific Conductance (µS/cm,  25°C)  = 52857
                          Density (g/cm³)  =   1.02328
                               Volume (L)  =   1.01278
                        Viscosity (mPa s)  =   0.96029
                        Activity of water  =   0.981
                 Ionic strength (mol/kgw)  =   6.704e-01
                       Mass of water (kg)  =   1.000e+00
                    Total carbon (mol/kg)  =   2.235e-03
                       Total CO2 (mol/kg)  =   2.235e-03
                         Temperature (°C)  =  25.00
                  Electrical balance (eq)  =   7.804e-04
 Percent error, 100*(Cat-|An|)/(Cat+|An|)  =   0.06
                               Iterations  =   8
                                  Total H  = 1.110148e+02
                                  Total O  = 5.563031e+01

---------------------------------Redox couples---------------------------------

	Redox couple             pe  Eh (volts)

	N(-3)/N(5)           4.7560      0.2813

----------------------------Distribution of species----------------------------

                                               Log       Log       Log    mole V
   Species          Molality    Activity  Molality  Activity     Gamma   cm³/mol

   OH-             2.703e-06   1.647e-06    -5.568    -5.783    -0.215     -2.63
   H+              7.981e-09   6.026e-09    -8.098    -8.220    -0.122      0.00
   H2O             5.551e+01   9.806e-01     1.744    -0.008     0.000     18.07
C(4)          2.235e-03
   HCO3-           1.539e-03   1.040e-03    -2.813    -2.983    -0.170     25.99
   MgHCO3+         2.778e-04   1.748e-04    -3.556    -3.757    -0.201      5.82
   NaHCO3          2.248e-04   3.062e-04    -3.648    -3.514     0.134     31.73
   MgCO3           9.510e-05   1.110e-04    -4.022    -3.955     0.067    -17.09
   CO3-2           3.883e-05   8.091e-06    -4.411    -5.092    -0.681     -0.52
   CaCO3           2.903e-05   3.388e-05    -4.537    -4.470     0.067    -14.60
   CaHCO3+         1.444e-05   9.995e-06    -4.840    -5.000    -0.160    122.92
   CO2             1.297e-05   1.436e-05    -4.887    -4.843     0.044     34.43
   KHCO3           2.965e-06   3.008e-06    -5.528    -5.522     0.006     41.03
   UO2(CO3)3-4     1.437e-08   1.333e-10    -7.843    -9.875    -2.032     (0)  
   MnCO3           2.687e-10   3.135e-10    -9.571    -9.504     0.067     (0)  
   MnHCO3+         6.811e-11   4.520e-11   -10.167   -10.345    -0.178     (0)  
   (CO2)2          3.245e-12   3.786e-12   -11.489   -11.422     0.067     68.87
   UO2(CO3)2-2     5.310e-15   1.648e-15   -14.275   -14.783    -0.508     (0)  
   FeCO3           1.680e-16   1.960e-16   -15.775   -15.708     0.067     (0)  
   FeHCO3+         1.407e-16   1.050e-16   -15.852   -15.979    -0.127     (0)  
   UO2CO3          1.745e-20   2.037e-20   -19.758   -19.691     0.067     (0)  
Ca            1.066e-02
   Ca+2            9.964e-03   2.493e-03    -2.002    -2.603    -0.602    -16.70
   CaSO4           6.537e-04   7.628e-04    -3.185    -3.118     0.067      7.50
   CaCO3           2.903e-05   3.388e-05    -4.537    -4.470     0.067    -14.60
   CaHCO3+         1.444e-05   9.995e-06    -4.840    -5.000    -0.160    122.92
   CaOH+           9.020e-08   6.732e-08    -7.045    -7.172    -0.127     (0)  
   CaHSO4+         4.048e-11   3.021e-11   -10.393   -10.520    -0.127     (0)  
Cl            5.657e-01
   Cl-             5.657e-01   3.570e-01    -0.247    -0.447    -0.200     18.79
   MnCl+           1.069e-09   7.095e-10    -8.971    -9.149    -0.178     -2.79
   HCl             3.842e-10   7.411e-10    -9.415    -9.130     0.285     (0)  
   MnCl2           9.475e-11   1.106e-10   -10.023    -9.956     0.067     85.89
   MnCl3-          1.638e-11   1.087e-11   -10.786   -10.964    -0.178     45.78
   FeCl+           6.669e-16   4.978e-16   -15.176   -15.303    -0.127     (0)  
   FeCl+2          1.515e-18   2.938e-19   -17.820   -18.532    -0.712     (0)  
   FeCl2+          7.061e-19   4.685e-19   -18.151   -18.329    -0.178     (0)  
   FeCl3           1.434e-20   1.673e-20   -19.844   -19.777     0.067     (0)  
Fe(2)         5.719e-15
   Fe+2            4.400e-15   1.010e-15   -14.357   -14.996    -0.639    -20.72
   FeCl+           6.669e-16   4.978e-16   -15.176   -15.303    -0.127     (0)  
   FeSO4           2.649e-16   3.091e-16   -15.577   -15.510     0.067     18.97
   FeCO3           1.680e-16   1.960e-16   -15.775   -15.708     0.067     (0)  
   FeHCO3+         1.407e-16   1.050e-16   -15.852   -15.979    -0.127     (0)  
   FeOH+           7.834e-17   5.198e-17   -16.106   -16.284    -0.178     (0)  
   Fe(OH)2         6.171e-20   7.201e-20   -19.210   -19.143     0.067     (0)  
   Fe(OH)3-        6.561e-22   4.354e-22   -21.183   -21.361    -0.178     (0)  
   FeHSO4+         1.640e-23   1.224e-23   -22.785   -22.912    -0.127     (0)  
Fe(3)         3.711e-08
   Fe(OH)3         2.772e-08   3.235e-08    -7.557    -7.490     0.067     (0)  
   Fe(OH)4-        7.107e-09   4.802e-09    -8.148    -8.319    -0.170     (0)  
   Fe(OH)2+        2.284e-09   1.543e-09    -8.641    -8.812    -0.170     (0)  
   FeOH+2          1.477e-13   2.863e-14   -12.831   -13.543    -0.712     (0)  
   FeCl+2          1.515e-18   2.938e-19   -17.820   -18.532    -0.712     (0)  
   FeSO4+          7.749e-19   5.142e-19   -18.111   -18.289    -0.178     (0)  
   FeCl2+          7.061e-19   4.685e-19   -18.151   -18.329    -0.178     (0)  
   Fe+3            3.420e-19   2.725e-20   -18.466   -19.565    -1.099     (0)  
   Fe(SO4)2-       2.594e-20   1.936e-20   -19.586   -19.713    -0.127     (0)  
   FeCl3           1.434e-20   1.673e-20   -19.844   -19.777     0.067     (0)  
   Fe2(OH)2+4      2.378e-24   2.207e-26   -23.624   -25.656    -2.032     (0)  
   FeHSO4+2        2.673e-26   8.297e-27   -25.573   -26.081    -0.508     (0)  
   Fe3(OH)4+5      1.066e-29   7.114e-33   -28.972   -32.148    -3.176     (0)  
H(0)          5.521e-37
   H2              2.760e-37   3.221e-37   -36.559   -36.492     0.067     28.61
K             1.058e-02
   K+              1.039e-02   6.478e-03    -1.983    -2.189    -0.205      9.66
   KSO4-           1.873e-04   1.696e-04    -3.728    -3.770    -0.043     11.34
   KHCO3           2.965e-06   3.008e-06    -5.528    -5.522     0.006     41.03
Mg            5.507e-02
   Mg+2            4.980e-02   1.437e-02    -1.303    -1.842    -0.540    -20.42
   MgSO4           4.756e-03   6.476e-03    -2.323    -2.189     0.134     -7.92
   MgHCO3+         2.778e-04   1.748e-04    -3.556    -3.757    -0.201      5.82
   Mg(SO4)2-2      1.296e-04   3.671e-05    -3.887    -4.435    -0.548     32.91
   MgCO3           9.510e-05   1.110e-04    -4.022    -3.955     0.067    -17.09
   MgOH+           1.205e-05   8.493e-06    -4.919    -5.071    -0.152     (0)  
Mn(2)         3.773e-09
   Mn+2            2.125e-09   4.878e-10    -8.673    -9.312    -0.639    -16.37
   MnCl+           1.069e-09   7.095e-10    -8.971    -9.149    -0.178     -2.79
   MnCO3           2.687e-10   3.135e-10    -9.571    -9.504     0.067     (0)  
   MnSO4           1.279e-10   1.493e-10    -9.893    -9.826     0.067     22.54
   MnCl2           9.475e-11   1.106e-10   -10.023    -9.956     0.067     85.89
   MnHCO3+         6.811e-11   4.520e-11   -10.167   -10.345    -0.178     (0)  
   MnCl3-          1.638e-11   1.087e-11   -10.786   -10.964    -0.178     45.78
   MnOH+           3.075e-12   2.041e-12   -11.512   -11.690    -0.178     (0)  
   Mn(NO3)2        2.643e-19   3.084e-19   -18.578   -18.511     0.067     41.04
   Mn(OH)3-        5.022e-20   3.333e-20   -19.299   -19.477    -0.178     (0)  
Mn(3)         5.345e-26
   Mn+3            5.345e-26   4.258e-27   -25.272   -26.371    -1.099     (0)  
N(-3)         1.724e-06
   NH4+            1.601e-06   9.008e-07    -5.796    -6.045    -0.250     18.48
   NH3             7.301e-08   8.519e-08    -7.137    -7.070     0.067     24.42
   NH4SO4-         4.978e-08   2.520e-08    -7.303    -7.599    -0.296     26.92
N(5)          2.146e-05
   NO3-            2.146e-05   1.260e-05    -4.668    -4.900    -0.231     30.29
   Mn(NO3)2        2.643e-19   3.084e-19   -18.578   -18.511     0.067     41.04
Na            4.854e-01
   Na+             4.712e-01   3.381e-01    -0.327    -0.471    -0.144     -0.51
   NaSO4-          1.396e-02   9.473e-03    -1.855    -2.024    -0.168      8.22
   NaHCO3          2.248e-04   3.062e-04    -3.648    -3.514     0.134     31.73
O(0)          6.622e-20
   O2              3.311e-20   3.864e-20   -19.480   -19.413     0.067     30.40
S(6)          2.926e-02
   NaSO4-          1.396e-02   9.473e-03    -1.855    -2.024    -0.168      8.22
   SO4-2           9.440e-03   1.721e-03    -2.025    -2.764    -0.739     38.42
   MgSO4           4.756e-03   6.476e-03    -2.323    -2.189     0.134     -7.92
   CaSO4           6.537e-04   7.628e-04    -3.185    -3.118     0.067      7.50
   KSO4-           1.873e-04   1.696e-04    -3.728    -3.770    -0.043     11.34
   Mg(SO4)2-2      1.296e-04   3.671e-05    -3.887    -4.435    -0.548     32.91
   NH4SO4-         4.978e-08   2.520e-08    -7.303    -7.599    -0.296     26.92
   HSO4-           1.351e-09   1.008e-09    -8.869    -8.996    -0.127     40.96
   MnSO4           1.279e-10   1.493e-10    -9.893    -9.826     0.067     22.54
   CaHSO4+         4.048e-11   3.021e-11   -10.393   -10.520    -0.127     (0)  
   FeSO4           2.649e-16   3.091e-16   -15.577   -15.510     0.067     18.97
   FeSO4+          7.749e-19   5.142e-19   -18.111   -18.289    -0.178     (0)  
   Fe(SO4)2-       2.594e-20   1.936e-20   -19.586   -19.713    -0.127     (0)  
   FeHSO4+         1.640e-23   1.224e-23   -22.785   -22.912    -0.127     (0)  
   FeHSO4+2        2.673e-26   8.297e-27   -25.573   -26.081    -0.508     (0)  
Si            7.382e-05
   H4SiO4          7.062e-05   8.241e-05    -4.151    -4.084     0.067     52.08
   H3SiO4-         3.205e-06   2.017e-06    -5.494    -5.695    -0.201     28.72
   H2SiO4-2        1.092e-10   2.276e-11    -9.962   -10.643    -0.681     (0)  
U             1.437e-08
   UO2(CO3)3-4     1.437e-08   1.333e-10    -7.843    -9.875    -2.032     (0)  
   UO2(CO3)2-2     5.310e-15   1.648e-15   -14.275   -14.783    -0.508     (0)  
   UO2CO3          1.745e-20   2.037e-20   -19.758   -19.691     0.067     (0)  
   UO2+2           8.110e-25   2.517e-25   -24.091   -24.599    -0.508     (0)  

------------------------------Saturation indices-------------------------------

  Phase               SI** log IAP   log K(298 K,   1 atm)

  Anhydrite        -1.09     -5.37   -4.28  CaSO4
  Aragonite         0.64     -7.70   -8.34  CaCO3
  Arcanite         -5.26     -7.14   -1.88  K2SO4
  Calcite           0.78     -7.70   -8.48  CaCO3
  Chalcedony       -0.52     -4.07   -3.55  SiO2
  Chrysotile        3.41     35.62   32.20  Mg3Si2O5(OH)4
  CO2(g)           -3.37     -4.84   -1.47  CO2
  Dolomite          2.45    -14.63  -17.08  CaMg(CO3)2
  Epsomite         -2.93     -4.67   -1.74  MgSO4:7H2O
  Fe(OH)3(a)        0.18      5.07    4.89  Fe(OH)3
  Goethite          6.08      5.08   -1.00  FeOOH
  Gypsum           -0.80     -5.38   -4.58  CaSO4:2H2O
  H2(g)           -33.39    -36.49   -3.10  H2
  H2O(g)           -1.51     -0.01    1.50  H2O
  Halite           -2.49     -0.92    1.57  NaCl
  Hausmannite      -6.34     54.69   61.03  Mn3O4
  Hematite         14.17     10.17   -4.01  Fe2O3
  Hexahydrite      -3.09     -4.66   -1.57  MgSO4:6H2O
  Jarosite-K       -7.93    -17.14   -9.21  KFe3(SO4)2(OH)6
  Kieserite        -3.45     -4.62   -1.16  MgSO4:H2O
  Manganite        -1.56     23.78   25.34  MnOOH
  Melanterite     -15.61    -17.82   -2.21  FeSO4:7H2O
  Mirabilite       -2.55     -3.79   -1.24  Na2SO4:10H2O
  NH3(g)           -8.87     -7.07    1.80  NH3
  O2(g)           -16.52    -19.41   -2.89  O2
  Pyrochroite      -8.09      7.11   15.20  Mn(OH)2
  Pyrolusite       -0.94     40.44   41.38  MnO2:H2O
  Quartz           -0.09     -4.07   -3.98  SiO2
  Rhodochrosite    -3.27    -14.40  -11.13  MnCO3
  Sepiolite         1.19     16.95   15.76  Mg2Si3O7.5OH:3H2O
  Sepiolite(d)     -1.71     16.95   18.66  Mg2Si3O7.5OH:3H2O
  Siderite         -9.20    -20.09  -10.89  FeCO3
  SiO2(a)          -1.36     -4.07   -2.71  SiO2
  Sylvite          -3.54     -2.64    0.90  KCl
  Talc              6.09     27.49   21.40  Mg3Si4O10(OH)2
  Thenardite       -3.41     -3.71   -0.30  Na2SO4

**For a gas, SI = log10(fugacity). Fugacity = pressure * phi / 1 atm.
  For ideal gases, phi = 1.

------------------
End of simulation.
------------------

------------------------------------
Reading input data for simulation 2.
------------------------------------

----------------------------------
End of Run after 0.011304 Seconds.
----------------------------------

