   Input file: /Users/kezhang/Desktop/projects/geos/geos_github/work_space/question_2/gypsum_anhydrite_100C.inp
  Output file: /Users/kezhang/Desktop/projects/geos/geos_github/work_space/question_2/result.out
Database file: /Users/kezhang/Desktop/projects/geos/phreeqc-3.8.6-17100/database/phreeqc.dat

------------------
Reading data base.
------------------

	SOLUTION_MASTER_SPECIES
	SOLUTION_SPECIES
	PHASES
	GAS_BINARY_PARAMETERS
	EXCHANGE_MASTER_SPECIES
	EXCHANGE_SPECIES
	SURFACE_MASTER_SPECIES
	SURFACE_SPECIES
	MEAN_GAMMAS
	RATES
	END
------------------------------------
Reading input data for simulation 1.
------------------------------------

	TITLE Gypsum + Anhydrite in pure water, pH 7, 100C
	SOLUTION 1 Pure water
	    temp 100
	    pH 7 charge
	    units mol/kgw
	    water 1
	EQUILIBRIUM_PHASES 1
	    Gypsum     0 1
	    Anhydrite  0 1
	SELECTED_OUTPUT
	    file gypsum_anhydrite_100C.sel
	    reset false
	    high_precision true
	END
-----
TITLE
-----

 Gypsum + Anhydrite in pure water, pH 7, 100C

-------------------------------------------
Beginning of initial solution calculations.
-------------------------------------------

Initial solution 1.	Pure water

-----------------------------Solution composition------------------------------

	Elements           Molality       Moles

	Pure water     

----------------------------Description of solution----------------------------

                                       pH  =   6.119      Charge balance
                                       pe  =   4.000    
      Specific Conductance (µS/cm, 100°C)  = 0
                          Density (g/cm³)  =   0.95835
                               Volume (L)  =   1.04346
                        Viscosity (mPa s)  =   0.28158
                        Activity of water  =   1.000
                 Ionic strength (mol/kgw)  =   7.610e-07
                       Mass of water (kg)  =   1.000e+00
                 Total alkalinity (eq/kg)  =  -3.176e-21
                         Temperature (°C)  = 100.00
                  Electrical balance (eq)  =   3.176e-21
 Percent error, 100*(Cat-|An|)/(Cat+|An|)  =   0.00
                               Iterations  =   6
                                  Total H  = 1.110124e+02
                                  Total O  = 5.550622e+01

----------------------------Distribution of species----------------------------

                                               Log       Log       Log    mole V
   Species          Molality    Activity  Molality  Activity     Gamma   cm³/mol

   H+              7.610e-07   7.601e-07    -6.119    -6.119    -0.001      0.00
   OH-             7.610e-07   7.601e-07    -6.119    -6.119    -0.001     -5.96
   H2O             5.551e+01   1.000e+00     1.744    -0.000     0.000     18.80
H(0)          4.504e-24
   H2              2.252e-24   2.252e-24   -23.647   -23.647     0.000     28.57
O(0)          3.593e-26
   O2              1.796e-26   1.796e-26   -25.746   -25.746     0.000     33.90

------------------------------Saturation indices-------------------------------

  Phase               SI** log IAP   log K(373 K,   1 atm)

  H2(g)           -20.55    -23.65   -3.10  H2
  H2O(g)           -0.00     -0.00    0.00  H2O
  O2(g)           -22.63    -25.75   -3.11  O2

**For a gas, SI = log10(fugacity). Fugacity = pressure * phi / 1 atm.
  For ideal gases, phi = 1.

-----------------------------------------
Beginning of batch-reaction calculations.
-----------------------------------------

Reaction step 1.

Using solution 1.	Pure water
Using pure phase assemblage 1.	

-------------------------------Phase assemblage--------------------------------

                                                      Moles in assemblage
Phase               SI  log IAP  log K(T, P)   Initial       Final       Delta

Anhydrite         0.00    -5.26     -5.26    1.000e+00   1.994e+00   9.941e-01
Gypsum           -0.41    -5.26     -4.85    1.000e+00           0  -1.000e+00

-----------------------------Solution composition------------------------------

	Elements           Molality       Moles

	Ca                5.712e-03   5.917e-03
	S                 5.712e-03   5.917e-03

----------------------------Description of solution----------------------------

                                       pH  =   6.333      Charge balance
                                       pe  =   6.606      Adjusted to redox equilibrium
      Specific Conductance (µS/cm, 100°C)  = 3099
                          Density (g/cm³)  =   0.95909
                               Volume (L)  =   1.08106
                        Viscosity (mPa s)  =   0.28322
                        Activity of water  =   1.000
                 Ionic strength (mol/kgw)  =   1.677e-02
                       Mass of water (kg)  =   1.036e+00
                 Total alkalinity (eq/kg)  =  -1.960e-19
                         Temperature (°C)  = 100.00
                  Electrical balance (eq)  =  -1.041e-17
 Percent error, 100*(Cat-|An|)/(Cat+|An|)  =  -0.00
                               Iterations  =  18
                                  Total H  = 1.150124e+02
                                  Total O  = 5.752989e+01

----------------------------Distribution of species----------------------------

                                               Log       Log       Log    mole V
   Species          Molality    Activity  Molality  Activity     Gamma   cm³/mol

   OH-             1.453e-06   1.245e-06    -5.838    -5.905    -0.067     -5.68
   H+              5.274e-07   4.641e-07    -6.278    -6.333    -0.056      0.00
   H2O             5.551e+01   9.998e-01     1.744    -0.000     0.000     18.80
Ca            5.712e-03
   Ca+2            4.193e-03   2.349e-03    -2.378    -2.629    -0.252    -19.17
   CaSO4           1.519e-03   1.525e-03    -2.818    -2.817     0.002      8.86
   CaHSO4+         2.545e-08   2.187e-08    -7.594    -7.660    -0.066     (0)  
   CaOH+           9.771e-10   8.398e-10    -9.010    -9.076    -0.066     (0)  
H(0)          1.025e-29
   H2              5.123e-30   5.143e-30   -29.290   -29.289     0.002     28.57
O(0)          6.858e-15
   O2              3.429e-15   3.442e-15   -14.465   -14.463     0.002     33.90
S(-2)         0.000e+00
   H2S             0.000e+00   0.000e+00   -87.509   -87.507     0.002     46.17
   HS-             0.000e+00   0.000e+00   -87.627   -87.694    -0.067     20.02
   S-2             0.000e+00   0.000e+00   -92.242   -92.496    -0.254     (0)  
   (H2S)2          0.000e+00   0.000e+00  -175.849  -175.847     0.002     24.22
S(6)          5.712e-03
   SO4-2           4.192e-03   2.330e-03    -2.378    -2.633    -0.255     16.38
   CaSO4           1.519e-03   1.525e-03    -2.818    -2.817     0.002      8.86
   HSO4-           9.013e-07   7.746e-07    -6.045    -6.111    -0.066     40.93
   CaHSO4+         2.545e-08   2.187e-08    -7.594    -7.660    -0.066     (0)  

------------------------------Saturation indices-------------------------------

  Phase               SI** log IAP   log K(373 K,   1 atm)

  Anhydrite         0.00     -5.26   -5.26  CaSO4
  Gypsum           -0.41     -5.26   -4.85  CaSO4:2H2O
  H2(g)           -26.19    -29.29   -3.10  H2
  H2O(g)           -0.01     -0.00    0.00  H2O
  H2S(g)          -86.02    -94.03   -8.00  H2S
  O2(g)           -11.35    -14.46   -3.11  O2
  Sulfur          -65.11    -61.63    3.48  S

**For a gas, SI = log10(fugacity). Fugacity = pressure * phi / 1 atm.
  For ideal gases, phi = 1.

------------------
End of simulation.
------------------

------------------------------------
Reading input data for simulation 2.
------------------------------------

	USER_PUNCH
	    headings Ca+2 CaSO4 CaHSO4+ CaOH+
	10  PUNCH MOL("Ca+2"), MOL("CaSO4"), MOL("CaHSO4+"), MOL("CaOH+")
	END
------------------
End of simulation.
------------------

------------------------------------
Reading input data for simulation 3.
------------------------------------

----------------------------------
End of Run after 0.008716 Seconds.
----------------------------------

