   Input file: /Users/kezhang/Desktop/projects/geos/geos_github/work_space/dataset_q_00297/q.in
  Output file: /Users/kezhang/Desktop/projects/geos/geos_github/work_space/dataset_q_00297/result.out
Database file: /Users/kezhang/Desktop/projects/geos/phreeqc-3.8.6-17100/database/phreeqc.dat

------------------
Reading data base.
------------------

	SOLUTION_MASTER_SPECIES
	SOLUTION_SPECIES
	PHASES
	GAS_BINARY_PARAMETERS
	EXCHANGE_MASTER_SPECIES
	EXCHANGE_SPECIES
	SURFACE_MASTER_SPECIES
	SURFACE_SPECIES
	MEAN_GAMMAS
	RATES
	END
------------------------------------
Reading input data for simulation 1.
------------------------------------

	SOLUTION 1
	    temp 25
	    pH 7 charge
	    units mmol/kgw
	    C(4) 10
	    Cl 10
	SURFACE 1
	    Hfo_w 1e-3 600 1
	    equilibrate with solution 1
	END
-------------------------------------------
Beginning of initial solution calculations.
-------------------------------------------

Initial solution 1.	

-----------------------------Solution composition------------------------------

	Elements           Molality       Moles

	C(4)              1.000e-02   1.000e-02
	Cl                1.000e-02   1.000e-02

----------------------------Description of solution----------------------------

                                       pH  =   2.041      Charge balance
                                       pe  =   4.000    
      Specific Conductance (µS/cm,  25°C)  = 4099
                          Density (g/cm³)  =   0.99732
                               Volume (L)  =   1.00349
                        Viscosity (mPa s)  =   0.89136
                        Activity of water  =   0.999
                 Ionic strength (mol/kgw)  =   9.973e-03
                       Mass of water (kg)  =   1.000e+00
                 Total alkalinity (eq/kg)  =  -1.000e-02
                       Total CO2 (mol/kg)  =   1.000e-02
                         Temperature (°C)  =  25.00
                  Electrical balance (eq)  =   7.347e-12
 Percent error, 100*(Cat-|An|)/(Cat+|An|)  =   0.00
                               Iterations  =   9
                                  Total H  = 1.110224e+02
                                  Total O  = 5.552622e+01

----------------------------Distribution of species----------------------------

                                               Log       Log       Log    mole V
   Species          Molality    Activity  Molality  Activity     Gamma   cm³/mol

   H+              9.973e-03   9.109e-03    -2.001    -2.041    -0.039      0.00
   OH-             1.234e-12   1.111e-12   -11.909   -11.954    -0.046     -4.03
   H2O             5.551e+01   9.995e-01     1.744    -0.000     0.000     18.07
C(4)          1.000e-02
   CO2             9.996e-03   1.001e-02    -2.000    -2.000     0.001     34.43
   (CO2)2          1.835e-06   1.840e-06    -5.736    -5.735     0.001     68.87
   HCO3-           5.397e-07   4.885e-07    -6.268    -6.311    -0.043     24.65
   CO3-2           3.747e-15   2.515e-15   -14.426   -14.599    -0.173     -3.67
Cl            1.000e-02
   Cl-             9.972e-03   8.983e-03    -2.001    -2.047    -0.045     18.14
   HCl             2.792e-05   2.819e-05    -4.554    -4.550     0.004     (0)  
H(0)          1.172e-15
   H2              5.861e-16   5.875e-16   -15.232   -15.231     0.001     28.61
O(0)          0.000e+00
   O2              0.000e+00   0.000e+00   -61.919   -61.918     0.001     30.40

------------------------------Saturation indices-------------------------------

  Phase               SI** log IAP   log K(298 K,   1 atm)

  CO2(g)           -0.53     -2.00   -1.47  CO2
  H2(g)           -12.13    -15.23   -3.10  H2
  H2O(g)           -1.50     -0.00    1.50  H2O
  O2(g)           -59.03    -61.92   -2.89  O2

**For a gas, SI = log10(fugacity). Fugacity = pressure * phi / 1 atm.
  For ideal gases, phi = 1.

------------------------------------------------------
Beginning of initial surface-composition calculations.
------------------------------------------------------

Surface 1.	

Diffuse Double Layer Surface-Complexation Model

Hfo           
	  8.045e-04  Surface charge, eq
	  1.294e-01  sigma, C/m²
	  1.591e-01  psi, V
	 -6.194e+00  -F*psi/RT
	  2.042e-03  exp(-F*psi/RT)
	  6.000e+02  specific area, m²/g
	  6.000e+02  m² for   1.000e+00 g


Hfo_w         
	  1.000e-03  moles
	                                   Mole                     Log
	Species               Moles    Fraction    Molality    Molality

	Hfo_wOH2+         8.046e-04       0.805   8.046e-04      -3.094
	Hfo_wHCO3         1.931e-04       0.193   1.931e-04      -3.714
	Hfo_wOH           2.219e-06       0.002   2.219e-06      -5.654
	Hfo_wCO3-         9.044e-08       0.000   9.044e-08      -7.044
	Hfo_wO-           1.402e-10       0.000   1.402e-10      -9.853

-----------------------------------------
Beginning of batch-reaction calculations.
-----------------------------------------

Reaction step 1.

Using solution 1.	
Using surface 1.	

------------------------------Surface composition------------------------------

Diffuse Double Layer Surface-Complexation Model

Hfo           
	  8.045e-04  Surface charge, eq
	  1.294e-01  sigma, C/m²
	  1.591e-01  psi, V
	 -6.194e+00  -F*psi/RT
	  2.042e-03  exp(-F*psi/RT)
	  6.000e+02  specific area, m²/g
	  6.000e+02  m² for   1.000e+00 g


Hfo_w         
	  1.000e-03  moles
	                                   Mole                     Log
	Species               Moles    Fraction    Molality    Molality

	Hfo_wOH2+         8.046e-04       0.805   8.046e-04      -3.094
	Hfo_wHCO3         1.931e-04       0.193   1.931e-04      -3.714
	Hfo_wOH           2.219e-06       0.002   2.219e-06      -5.654
	Hfo_wCO3-         9.044e-08       0.000   9.044e-08      -7.044
	Hfo_wO-           1.402e-10       0.000   1.402e-10      -9.853

-----------------------------Solution composition------------------------------

	Elements           Molality       Moles

	C                 1.000e-02   1.000e-02
	Cl                1.000e-02   1.000e-02

----------------------------Description of solution----------------------------

                                       pH  =   2.041      Charge balance
                                       pe  =   4.000      Adjusted to redox equilibrium
      Specific Conductance (µS/cm,  25°C)  = 4099
                          Density (g/cm³)  =   0.99732
                               Volume (L)  =   1.00349
                        Viscosity (mPa s)  =   0.89136
                        Activity of water  =   0.999
                 Ionic strength (mol/kgw)  =   9.973e-03
                       Mass of water (kg)  =   1.000e+00
                 Total alkalinity (eq/kg)  =  -1.000e-02
                       Total CO2 (mol/kg)  =   1.000e-02
                         Temperature (°C)  =  25.00
                  Electrical balance (eq)  =   7.347e-12
 Percent error, 100*(Cat-|An|)/(Cat+|An|)  =   0.00
                               Iterations  =   0
                                  Total H  = 1.110224e+02
                                  Total O  = 5.552622e+01

----------------------------Distribution of species----------------------------

                                               Log       Log       Log    mole V
   Species          Molality    Activity  Molality  Activity     Gamma   cm³/mol

   H+              9.973e-03   9.109e-03    -2.001    -2.041    -0.039      0.00
   OH-             1.234e-12   1.111e-12   -11.909   -11.954    -0.046     -4.03
   H2O             5.551e+01   9.995e-01     1.744    -0.000     0.000     18.07
C(-4)         1.164e-26
   CH4             1.164e-26   1.167e-26   -25.934   -25.933     0.001     35.46
C(4)          1.000e-02
   CO2             9.996e-03   1.001e-02    -2.000    -2.000     0.001     34.43
   (CO2)2          1.835e-06   1.840e-06    -5.736    -5.735     0.001     68.87
   HCO3-           5.397e-07   4.885e-07    -6.268    -6.311    -0.043     24.65
   CO3-2           3.747e-15   2.515e-15   -14.426   -14.599    -0.173     -3.67
Cl            1.000e-02
   Cl-             9.972e-03   8.983e-03    -2.001    -2.047    -0.045     18.14
   HCl             2.792e-05   2.819e-05    -4.554    -4.550     0.004     (0)  
H(0)          1.172e-15
   H2              5.861e-16   5.875e-16   -15.232   -15.231     0.001     28.61
O(0)          0.000e+00
   O2              0.000e+00   0.000e+00   -61.919   -61.918     0.001     30.40

------------------------------Saturation indices-------------------------------

  Phase               SI** log IAP   log K(298 K,   1 atm)

  CH4(g)          -23.13    -25.93   -2.80  CH4
  CO2(g)           -0.53     -2.00   -1.47  CO2
  H2(g)           -12.13    -15.23   -3.10  H2
  H2O(g)           -1.50     -0.00    1.50  H2O
  O2(g)           -59.03    -61.92   -2.89  O2

**For a gas, SI = log10(fugacity). Fugacity = pressure * phi / 1 atm.
  For ideal gases, phi = 1.

------------------
End of simulation.
------------------

------------------------------------
Reading input data for simulation 2.
------------------------------------

----------------------------------
End of Run after 0.011985 Seconds.
----------------------------------

