   Input file: /Users/kezhang/Desktop/projects/geos/geos_github/work_space/dataset_q_00465/fe_kin.in
  Output file: /Users/kezhang/Desktop/projects/geos/geos_github/work_space/dataset_q_00465/result.out
Database file: /Users/kezhang/Desktop/projects/geos/phreeqc-3.8.6-17100/database/phreeqc.dat

------------------
Reading data base.
------------------

	SOLUTION_MASTER_SPECIES
	SOLUTION_SPECIES
	PHASES
	GAS_BINARY_PARAMETERS
	EXCHANGE_MASTER_SPECIES
	EXCHANGE_SPECIES
	SURFACE_MASTER_SPECIES
	SURFACE_SPECIES
	MEAN_GAMMAS
	RATES
	END
------------------------------------
Reading input data for simulation 1.
------------------------------------

	TITLE Fe(II) oxidation kinetics, constant O2(g), 1 day
	SOLUTION 1
	    temp 25
	    pH 7 charge
	    pe 4
	    units mmol/kgw
	    Na 10
	    Cl 10
	    Fe_di 0.1
	    Fe_tri 0
	EQUILIBRIUM_PHASES 1
	    O2(g) -0.7 10
	RATES
	Fe_ox
	start
	10 k = 1e-6
	20 mFe = TOT("Fe_di")
	30 if (mFe <= 0) then goto 100
	40 rate = k * mFe
	50 moles = rate * TIME
	60 SAVE moles
	100 end
	end
	KINETICS 1
	    Fe_ox
	        formula Fe_di -1 Fe_tri 1
	        steps 86400 in 1 steps
	SELECTED_OUTPUT
	    file selected.sel
	    reset false
	    time true
	    totals Fe_di Fe_tri
	END
-----
TITLE
-----

 Fe(II) oxidation kinetics, constant O2(g), 1 day

WARNING: Did not find master species, Fe_di.
WARNING: Did not find master species, Fe_tri.
WARNING: Could not find element in database, Fe_di.
	Concentration is set to zero.
WARNING: Could not find element in database, Fe_tri.
	Concentration is set to zero.
-------------------------------------------
Beginning of initial solution calculations.
-------------------------------------------

Initial solution 1.	

-----------------------------Solution composition------------------------------

	Elements           Molality       Moles

	Cl                1.000e-02   1.000e-02
	Na                1.000e-02   1.000e-02

----------------------------Description of solution----------------------------

                                       pH  =   6.995      Charge balance
                                       pe  =   4.000    
      Specific Conductance (µS/cm,  25°C)  = 1177
                          Density (g/cm³)  =   0.99746
                               Volume (L)  =   1.00313
                        Viscosity (mPa s)  =   0.89124
                        Activity of water  =   1.000
                 Ionic strength (mol/kgw)  =   1.000e-02
                       Mass of water (kg)  =   1.000e+00
                 Total alkalinity (eq/kg)  =  -3.100e-19
                         Temperature (°C)  =  25.00
                  Electrical balance (eq)  =  -2.619e-12
 Percent error, 100*(Cat-|An|)/(Cat+|An|)  =  -0.00
                               Iterations  =   3
                                  Total H  = 1.110124e+02
                                  Total O  = 5.550622e+01

----------------------------Distribution of species----------------------------

                                               Log       Log       Log    mole V
   Species          Molality    Activity  Molality  Activity     Gamma   cm³/mol

   OH-             1.111e-07   9.999e-08    -6.954    -7.000    -0.046     -4.03
   H+              1.108e-07   1.012e-07    -6.956    -6.995    -0.039      0.00
   H2O             5.551e+01   9.997e-01     1.744    -0.000     0.000     18.07
Cl            1.000e-02
   Cl-             1.000e-02   9.007e-03    -2.000    -2.045    -0.045     18.14
   HCl             3.109e-10   3.140e-10    -9.507    -9.503     0.004     (0)  
H(0)          1.446e-25
   H2              7.232e-26   7.249e-26   -25.141   -25.140     0.001     28.61
Na            1.000e-02
   Na+             1.000e-02   9.033e-03    -2.000    -2.044    -0.044     -1.38
O(0)          0.000e+00
   O2              0.000e+00   0.000e+00   -42.102   -42.101     0.001     30.40

------------------------------Saturation indices-------------------------------

  Phase               SI** log IAP   log K(298 K,   1 atm)

  H2(g)           -22.04    -25.14   -3.10  H2
  H2O(g)           -1.50     -0.00    1.50  H2O
  Halite           -5.66     -4.09    1.57  NaCl
  O2(g)           -39.21    -42.10   -2.89  O2

**For a gas, SI = log10(fugacity). Fugacity = pressure * phi / 1 atm.
  For ideal gases, phi = 1.

-----------------------------------------
Beginning of batch-reaction calculations.
-----------------------------------------

Reaction step 1.

ERROR: Moles of reaction not SAVEed for Fe_ox.
Stopping.
