   Input file: /Users/kezhang/Desktop/projects/geos/geos_github/work_space/dataset_q_00303/q.in
  Output file: /Users/kezhang/Desktop/projects/geos/geos_github/work_space/dataset_q_00303/result.out
Database file: /Users/kezhang/Desktop/projects/geos/phreeqc-3.8.6-17100/database/phreeqc.dat

------------------
Reading data base.
------------------

	SOLUTION_MASTER_SPECIES
	SOLUTION_SPECIES
	PHASES
	GAS_BINARY_PARAMETERS
	EXCHANGE_MASTER_SPECIES
	EXCHANGE_SPECIES
	SURFACE_MASTER_SPECIES
	SURFACE_SPECIES
	MEAN_GAMMAS
	RATES
	END
------------------------------------
Reading input data for simulation 1.
------------------------------------

	SOLUTION 1
	    temp 25
	    pH 7
	    units mmol/kgw
	    Ca 10
	    Cl 10
	    Ntg 10
	    O(0) 10
	GAS_PHASE 1
	    fixed_pressure
	    pressure 20
	    H2O(g) 0
	    H2(g) 10
	END
-------------------------------------------
Beginning of initial solution calculations.
-------------------------------------------

Initial solution 1.	

-----------------------------Solution composition------------------------------

	Elements           Molality       Moles

	Ca                1.000e-02   1.000e-02
	Cl                1.000e-02   1.000e-02
	Ntg               1.000e-02   1.000e-02
	O(0)              1.000e-02   1.000e-02

----------------------------Description of solution----------------------------

                                       pH  =   7.000    
                                       pe  =   4.000    
      Specific Conductance (µS/cm,  25°C)  = 1669
                          Density (g/cm³)  =   0.99779
                               Volume (L)  =   1.00341
                        Viscosity (mPa s)  =   0.89444
                        Activity of water  =   0.999
                 Ionic strength (mol/kgw)  =   2.500e-02
                       Mass of water (kg)  =   1.000e+00
                 Total alkalinity (eq/kg)  =   1.539e-08
                         Temperature (°C)  =  25.00
                  Electrical balance (eq)  =   1.000e-02
 Percent error, 100*(Cat-|An|)/(Cat+|An|)  =  33.33
                               Iterations  =   3
                                  Total H  = 1.110124e+02
                                  Total O  = 5.551622e+01

---------------------------------Redox couples---------------------------------

	Redox couple             pe  Eh (volts)

	O(-2)/O(0)          13.9455      0.8250

----------------------------Distribution of species----------------------------

                                               Log       Log       Log    mole V
   Species          Molality    Activity  Molality  Activity     Gamma   cm³/mol

   OH-             1.184e-07   1.012e-07    -6.927    -6.995    -0.068     -3.96
   H+              1.135e-07   1.000e-07    -6.945    -7.000    -0.055      0.00
   H2O             5.551e+01   9.994e-01     1.744    -0.000     0.000     18.07
Ca            1.000e-02
   Ca+2            1.000e-02   5.598e-03    -2.000    -2.252    -0.252    -17.77
   CaOH+           1.080e-08   9.285e-09    -7.966    -8.032    -0.066     (0)  
Cl            1.000e-02
   Cl-             1.000e-02   8.562e-03    -2.000    -2.067    -0.067     18.19
   HCl             2.878e-10   2.949e-10    -9.541    -9.530     0.011     (0)  
H(0)          1.408e-25
   H2              7.039e-26   7.079e-26   -25.153   -25.150     0.003     28.61
Ntg           1.000e-02
   Ntg             1.000e-02   1.006e-02    -2.000    -1.997     0.003     29.29
O(0)          1.000e-02
   O2              5.000e-03   5.029e-03    -2.301    -2.299     0.003     30.40

------------------------------Saturation indices-------------------------------

  Phase               SI** log IAP   log K(298 K,   1 atm)

  H2(g)           -22.05    -25.15   -3.10  H2	 Pressure  10.0 atm, phi 1.003
  H2O(g)           -1.50     -0.00    1.50  H2O
  Ntg(g)            1.18     -2.00   -3.18  Ntg
  O2(g)             0.59     -2.30   -2.89  O2

**For a gas, SI = log10(fugacity). Fugacity = pressure * phi / 1 atm.
  For ideal gases, phi = 1.

-----------------------------------------
Beginning of batch-reaction calculations.
-----------------------------------------

Reaction step 1.

Using solution 1.	
Using gas phase 1.	

-----------------------------------Gas phase-----------------------------------

Total pressure: 20.00      atmospheres          (Peng-Robinson calculation)
    Gas volume:   4.71e-01 liters
  Molar volume:   1.23e+00 liters/mole
   P * Vm / RT:  1.00539  (Compressibility Factor Z) 

                                                        Moles in gas
                                            ----------------------------------
Component         log P           P    phi     Initial       Final       Delta

H2(g)              1.30   1.997e+01  1.005   4.076e-01   3.822e-01  -2.547e-02
H2O(g)            -1.46   3.447e-02  0.924   0.000e+00   6.597e-04   6.597e-04

-----------------------------Solution composition------------------------------

	Elements           Molality       Moles

	Ca                9.998e-03   1.000e-02
	Cl                9.998e-03   1.000e-02
	Ntg               9.998e-03   1.000e-02

----------------------------Description of solution----------------------------

                                       pH  =   6.996      Charge balance
                                       pe  =  -7.672      Adjusted to redox equilibrium
      Specific Conductance (µS/cm,  25°C)  = 1671
                          Density (g/cm³)  =   0.99822
                               Volume (L)  =   1.00302
                        Viscosity (mPa s)  =   0.89418
                        Activity of water  =   0.999
                 Ionic strength (mol/kgw)  =   2.500e-02
                       Mass of water (kg)  =   1.000e+00
                 Total alkalinity (eq/kg)  =   1.539e-08
                         Temperature (°C)  =  25.00
                           Pressure (atm)  = 20.00
                  Electrical balance (eq)  =   1.000e-02
 Percent error, 100*(Cat-|An|)/(Cat+|An|)  =  33.33
                               Iterations  =  30
                                  Total H  = 1.110621e+02
                                  Total O  = 5.551556e+01

----------------------------Distribution of species----------------------------

                                               Log       Log       Log    mole V
   Species          Molality    Activity  Molality  Activity     Gamma   cm³/mol

   OH-             1.194e-07   1.020e-07    -6.923    -6.991    -0.068     -3.89
   H+              1.144e-07   1.008e-07    -6.942    -6.996    -0.055      0.00
   H2O             5.551e+01   9.992e-01     1.744    -0.000     0.000     18.05
Ca            9.998e-03
   Ca+2            9.998e-03   5.601e-03    -2.000    -2.252    -0.252    -17.63
   CaOH+           1.072e-08   9.215e-09    -7.970    -8.036    -0.066     (0)  
Cl            9.998e-03
   Cl-             9.998e-03   8.562e-03    -2.000    -2.067    -0.067     18.20
   HCl             2.943e-10   3.016e-10    -9.531    -9.521     0.011     (0)  
H(0)          3.093e-02
   H2              1.547e-02   1.556e-02    -1.811    -1.808     0.002     28.60
Ntg           9.998e-03
   Ntg             9.998e-03   1.006e-02    -2.000    -1.998     0.002     29.29
O(0)          0.000e+00
   O2              0.000e+00   0.000e+00   -88.784   -88.782     0.002     30.37

------------------------------Saturation indices-------------------------------

  Phase               SI** log IAP   log K(298 K,  20 atm)

  H2(g)             1.30     -1.81   -3.11  H2	 Pressure  20.0 atm, phi 1.005
  H2O(g)           -1.50     -0.00    1.50  H2O	 Pressure   0.0 atm, phi 0.924
  Ntg(g)            1.19     -2.00   -3.19  Ntg
  O2(g)           -85.88    -88.78   -2.90  O2

**For a gas, SI = log10(fugacity). Fugacity = pressure * phi / 1 atm.
  For ideal gases, phi = 1.

------------------
End of simulation.
------------------

------------------------------------
Reading input data for simulation 2.
------------------------------------

	SELECTED_OUTPUT
	    file selected.csv
	    ph true
	END
------------------
End of simulation.
------------------

------------------------------------
Reading input data for simulation 3.
------------------------------------

----------------------------------
End of Run after 0.011216 Seconds.
----------------------------------

