   Input file: /Users/kezhang/Desktop/projects/geos/geos_github/work_space/dataset_q_00189/albite_kin.in
  Output file: /Users/kezhang/Desktop/projects/geos/geos_github/work_space/dataset_q_00189/result.out
Database file: /Users/kezhang/Desktop/projects/geos/phreeqc-3.8.6-17100/database/phreeqc.dat

------------------
Reading data base.
------------------

	SOLUTION_MASTER_SPECIES
	SOLUTION_SPECIES
	PHASES
	GAS_BINARY_PARAMETERS
	EXCHANGE_MASTER_SPECIES
	EXCHANGE_SPECIES
	SURFACE_MASTER_SPECIES
	SURFACE_SPECIES
	MEAN_GAMMAS
	RATES
	END
------------------------------------
Reading input data for simulation 1.
------------------------------------

	TITLE Albite kinetic dissolution with Fe(III)/Fe(II) and fixed H2S(g)
	SOLUTION 1
	    temp 200
	    pH 2 charge
	    units mmol/kgw
	    Fe(3) 4
	    Fe(2) 4
	GAS_PHASE 1
	    fixed_pressure
	    pressure 5
	    H2S(g) 1
	RATES
	Albite
	start
	 10 k = PARM(1)
	 20 SSA = PARM(2)
	 30 moles = k * SSA * TIME
	 40 SAVE moles
	END
-----
TITLE
-----

 Albite kinetic dissolution with Fe(III)/Fe(II) and fixed H2S(g)

-------------------------------------------
Beginning of initial solution calculations.
-------------------------------------------

Initial solution 1.	

-----------------------------Solution composition------------------------------

	Elements           Molality       Moles

	Fe(2)             4.000e-03   4.000e-03
	Fe(3)             4.000e-03   4.000e-03

----------------------------Description of solution----------------------------

                                       pH  =   7.054      Charge balance
                                       pe  =   4.000    
      Specific Conductance (µS/cm, 200°C)  = 107
                          Density (g/cm³)  =   0.86535
                               Volume (L)  =   1.15651
                        Viscosity (mPa s)  =   0.13467
                        Activity of water  =   1.000
                 Ionic strength (mol/kgw)  =   2.150e-03
                       Mass of water (kg)  =   1.000e+00
                 Total alkalinity (eq/kg)  =   1.200e-02
                         Temperature (°C)  = 200.00
                  Electrical balance (eq)  =   9.089e-13
 Percent error, 100*(Cat-|An|)/(Cat+|An|)  =   0.00
                               Iterations  =  11
                                  Total H  = 1.110324e+02
                                  Total O  = 5.552623e+01

---------------------------------Redox couples---------------------------------

	Redox couple             pe  Eh (volts)

	Fe(2)/Fe(3)         -3.6710     -0.3446

----------------------------Distribution of species----------------------------

                                               Log       Log       Log    mole V
   Species          Molality    Activity  Molality  Activity     Gamma   cm³/mol

   OH-             5.891e-05   5.427e-05    -4.230    -4.265    -0.036    -26.14
   H+              9.530e-08   8.838e-08    -7.021    -7.054    -0.033      0.00
   H2O             5.551e+01   9.999e-01     1.744    -0.000     0.000     20.84
Fe(2)         4.000e-03
   Fe(OH)2         2.171e-03   2.173e-03    -2.663    -2.663     0.000     (0)  
   FeOH+           1.670e-03   1.541e-03    -2.777    -2.812    -0.035     (0)  
   Fe+2            1.559e-04   1.137e-04    -3.807    -3.944    -0.137    -21.85
   Fe(OH)3-        2.922e-06   2.697e-06    -5.534    -5.569    -0.035     (0)  
Fe(3)         4.000e-03
   Fe(OH)3         2.055e-03   2.056e-03    -2.687    -2.687     0.000     (0)  
   Fe(OH)4-        1.932e-03   1.784e-03    -2.714    -2.749    -0.035     (0)  
   Fe(OH)2+        1.249e-05   1.153e-05    -4.903    -4.938    -0.035     (0)  
   FeOH+2          6.474e-11   4.699e-11   -10.189   -10.328    -0.139     (0)  
   Fe+3            1.921e-18   9.749e-19   -17.716   -18.011    -0.295     (0)  
   Fe2(OH)2+4      2.310e-21   6.237e-22   -20.636   -21.205    -0.569     (0)  
   Fe3(OH)4+5      4.430e-28   5.728e-29   -27.354   -28.242    -0.888     (0)  
H(0)          3.687e-26
   H2              1.843e-26   1.844e-26   -25.734   -25.734     0.000     28.55
O(0)          9.489e-06
   O2              4.744e-06   4.747e-06    -5.324    -5.324     0.000     39.37

------------------------------Saturation indices-------------------------------

  Phase               SI** log IAP   log K(473 K,   1 atm)

  Fe(OH)3(a)       -1.74      3.15    4.89  Fe(OH)3
  Goethite          8.08      3.15   -4.93  FeOOH
  H2(g)           -22.93    -25.73   -2.81  H2
  H2O(g)            1.15     -0.00   -1.15  H2O
  Hematite         18.67      6.30  -12.37  Fe2O3
  O2(g)            -2.46     -5.32   -2.87  O2

**For a gas, SI = log10(fugacity). Fugacity = pressure * phi / 1 atm.
  For ideal gases, phi = 1.

-----------------------------------------
Beginning of batch-reaction calculations.
-----------------------------------------

Reaction step 1.

Using solution 1.	
Using gas phase 1.	

----------------Fixed-pressure gas phase 1 dissolved completely----------------

-----------------------------Solution composition------------------------------

	Elements           Molality       Moles

	Fe                7.997e-03   8.000e-03
	S                 4.119e-02   4.120e-02

----------------------------Description of solution----------------------------

                                       pH  =   4.820      Charge balance
                                       pe  =  -3.230      Adjusted to redox equilibrium
      Specific Conductance (µS/cm, 200°C)  = 589
                          Density (g/cm³)  =   0.86523
                               Volume (L)  =   1.15829
                        Viscosity (mPa s)  =   0.13485
                        Activity of water  =   0.999
                 Ionic strength (mol/kgw)  =   1.798e-03
                       Mass of water (kg)  =   1.000e+00
                 Total alkalinity (eq/kg)  =   1.499e-02
                         Temperature (°C)  = 200.00
                           Pressure (atm)  =  5.00
                  Electrical balance (eq)  =   1.109e-12
 Percent error, 100*(Cat-|An|)/(Cat+|An|)  =   0.00
                               Iterations  =  21
                                  Total H  = 1.111148e+02
                                  Total O  = 5.552623e+01

----------------------------Distribution of species----------------------------

                                               Log       Log       Log    mole V
   Species          Molality    Activity  Molality  Activity     Gamma   cm³/mol

   H+              1.624e-05   1.514e-05    -4.790    -4.820    -0.030      0.00
   OH-             3.430e-07   3.181e-07    -6.465    -6.497    -0.033    -26.12
   H2O             5.551e+01   9.994e-01     1.744    -0.000     0.000     20.84
Fe(2)         7.997e-03
   Fe(HS)2         7.247e-03   7.250e-03    -2.140    -2.140     0.000     (0)  
   Fe+2            4.770e-04   3.567e-04    -3.322    -3.448    -0.126    -21.91
   Fe(HS)3-        1.287e-04   1.194e-04    -3.890    -3.923    -0.033     (0)  
   FeSO4           1.134e-04   1.135e-04    -3.945    -3.945     0.000    -33.40
   FeOH+           3.036e-05   2.821e-05    -4.518    -4.550    -0.032     (0)  
   FeHSO4+         2.927e-07   2.716e-07    -6.534    -6.566    -0.033     (0)  
   Fe(OH)2         2.323e-07   2.324e-07    -6.634    -6.634     0.000     (0)  
   Fe(OH)3-        1.816e-12   1.687e-12   -11.741   -11.773    -0.032     (0)  
Fe(3)         7.242e-09
   Fe(OH)2+        3.668e-09   3.409e-09    -8.436    -8.467    -0.032     (0)  
   Fe(OH)3         3.551e-09   3.553e-09    -8.450    -8.449     0.000     (0)  
   Fe(OH)4-        1.939e-11   1.802e-11   -10.712   -10.744    -0.032     (0)  
   FeOH+2          3.190e-12   2.376e-12   -11.496   -11.624    -0.128     (0)  
   FeSO4+          2.718e-16   2.525e-16   -15.566   -15.598    -0.032     (0)  
   Fe+3            1.578e-17   8.431e-18   -16.802   -17.074    -0.272     (0)  
   Fe(SO4)2-       2.179e-18   2.021e-18   -17.662   -17.694    -0.033     (0)  
   FeHSO4+2        2.183e-19   1.616e-19   -18.661   -18.792    -0.131     (0)  
   Fe2(OH)2+4      5.306e-24   1.594e-24   -23.275   -23.797    -0.522     (0)  
   Fe3(OH)4+5      2.832e-34   4.327e-35   -33.548   -34.364    -0.816     (0)  
H(0)          3.109e-07
   H2              1.555e-07   1.555e-07    -6.808    -6.808     0.000     28.55
O(0)          0.000e+00
   O2              0.000e+00   0.000e+00   -43.179   -43.178     0.000     39.34
S(-2)         4.069e-02
   H2S             2.550e-02   2.551e-02    -1.593    -1.593     0.000     56.04
   Fe(HS)2         7.247e-03   7.250e-03    -2.140    -2.140     0.000     (0)  
   HS-             1.629e-04   1.511e-04    -3.788    -3.821    -0.033      4.71
   Fe(HS)3-        1.287e-04   1.194e-04    -3.890    -3.923    -0.033     (0)  
   (H2S)2          7.038e-05   7.041e-05    -4.153    -4.152     0.000     -4.79
   S-2             3.087e-09   2.299e-09    -8.510    -8.638    -0.128     (0)  
S(6)          5.022e-04
   SO4-2           3.203e-04   2.385e-04    -3.494    -3.622    -0.128    -26.37
   FeSO4           1.134e-04   1.135e-04    -3.945    -3.945     0.000    -33.40
   HSO4-           6.821e-05   6.327e-05    -4.166    -4.199    -0.033     28.86
   FeHSO4+         2.927e-07   2.716e-07    -6.534    -6.566    -0.033     (0)  
   FeSO4+          2.718e-16   2.525e-16   -15.566   -15.598    -0.032     (0)  
   Fe(SO4)2-       2.179e-18   2.021e-18   -17.662   -17.694    -0.033     (0)  
   FeHSO4+2        2.183e-19   1.616e-19   -18.661   -18.792    -0.131     (0)  

------------------------------Saturation indices-------------------------------

  Phase               SI** log IAP   log K(473 K,   5 atm)

  Fe(OH)3(a)       -7.50     -2.62    4.89  Fe(OH)3
  FeS(ppt)          1.47     -2.45   -3.91  FeS
  Goethite          2.31     -2.62   -4.93  FeOOH
  H2(g)            -4.00     -6.81   -2.81  H2
  H2O(g)            1.15     -0.00   -1.15  H2O
  H2S(g)           -0.07     -8.64   -8.57  H2S
  Hematite          7.14     -5.23  -12.37  Fe2O3
  Mackinawite       2.20     -2.45   -4.65  FeS
  Melanterite      -5.59     -7.07   -1.48  FeSO4:7H2O
  O2(g)           -40.31    -43.18   -2.87  O2
  Pyrite            7.50     -7.91  -15.41  FeS2
  Sulfur           -0.72      1.59    2.30  S

**For a gas, SI = log10(fugacity). Fugacity = pressure * phi / 1 atm.
  For ideal gases, phi = 1.

------------------
End of simulation.
------------------

------------------------------------
Reading input data for simulation 2.
------------------------------------

	KINETICS 1
	    Albite
	        m0 1
	        parms 10 1
	        formula NaAlSi3O8 1
	        steps 1000 in 100 steps
	USER_PUNCH
	    headings n_Si_species
	start
	 10 cnt = 0
	 20 FOR i = 1 TO SYS("count_s")
	 30   sp$ = SYS("s", i)
	 40   IF (INSTR(sp$, "Si") > 0) THEN cnt = cnt + 1
	 50 NEXT i
	 60 PUNCH cnt
	end
	SELECTED_OUTPUT
	    file selected.csv
	    reset false
	    high_precision true
	    user_punch true
	END
------------------
End of simulation.
------------------

------------------------------------
Reading input data for simulation 3.
------------------------------------

----------------------------------
End of Run after 0.010371 Seconds.
----------------------------------

